http://m2eclipse.sonatype.org/update/http://m2eclipse.sonatype.org/update/PHP Warning:  Call-time pass-by-reference has been deprecated in /home/estaffor/src/php/Workspace/trunk/libraries/joomla/application/categories.php on line 219
PHP Stack trace:
PHP   1. {main}() /usr/bin/phpunit:0
PHP   2. PHPUnit_TextUI_Command::main() /usr/bin/phpunit:52
PHP   3. PHPUnit_TextUI_Command->run() /usr/share/pear/PHPUnit/TextUI/Command.php:147
PHP   4. PHPUnit_Runner_BaseTestRunner->getTest() /usr/share/pear/PHPUnit/TextUI/Command.php:168
PHP   5. PHPUnit_Framework_TestSuite->addTestFiles() /usr/share/pear/PHPUnit/Runner/BaseTestRunner.php:104
PHP   6. PHPUnit_Framework_TestSuite->addTestFile() /usr/share/pear/PHPUnit/Framework/TestSuite.php:454
PHP   7. PHPUnit_Util_Fileloader::checkAndLoad() /usr/share/pear/PHPUnit/Framework/TestSuite.php:397
PHP   8. PHPUnit_Util_Fileloader::load() /usr/share/pear/PHPUnit/Util/Fileloader.php:91
PHP   9. include_once() /usr/share/pear/PHPUnit/Util/Fileloader.php:113

Warning: Call-time pass-by-reference has been deprecated in /home/estaffor/src/php/Workspace/trunk/libraries/joomla/application/categories.php on line 219

Call Stack:
    0.0004      90816   1. {main}() /usr/bin/phpunit:0
    0.1586    6525592   2. PHPUnit_TextUI_Command::main() /usr/bin/phpunit:52
    0.1586    6526240   3. PHPUnit_TextUI_Command->run() /usr/share/pear/PHPUnit/TextUI/Command.php:147
    0.1668    6795856   4. PHPUnit_Runner_BaseTestRunner->getTest() /usr/share/pear/PHPUnit/TextUI/Command.php:168
    0.1672    6811824   5. PHPUnit_Framework_TestSuite->addTestFiles() /usr/share/pear/PHPUnit/Runner/BaseTestRunner.php:104
    0.3636   12172848   6. PHPUnit_Framework_TestSuite->addTestFile() /usr/share/pear/PHPUnit/Framework/TestSuite.php:454
    0.3639   12173728   7. PHPUnit_Util_Fileloader::checkAndLoad() /usr/share/pear/PHPUnit/Framework/TestSuite.php:397
    0.3640   12173728   8. PHPUnit_Util_Fileloader::load() /usr/share/pear/PHPUnit/Util/Fileloader.php:91
    0.3647   12243880   9. include_once('/home/estaffor/src/php/Workspace/Unit Testing 1.6/unittest/tests/libraries/joomla/application/JCategoriesTest.php') /usr/share/pear/PHPUnit/Util/Fileloader.php:113

PHPUnit 3.4.1 by Sebastian Bergmann.

./
 JFilterInputTest
 
  testCleanText
  ..
 
  testClean
  ........................................
 
  testCleanWithDefaultBlackList
  ........................................F
 
 JFilterInputTest_Clean
 
  testClean
  ........................................
 
 JFilterInputTest_CleanNoTags
 
  testClean
  ........................................F
 
 JFilterOutputTest_CleanText
 
  testCleanText
  ..
 
 JFactoryTest
 IIIIIIIIIIIIIIIII

 JCacheStorageTest_Main
 
  testCacheHit
  .
 
  testCacheMiss
  .
 
  testCacheTimeout
  S
 
  testCacheRemove
  .
 
  testCacheClearGroup
  .
 
  testCacheClearNotGroup
  .
 
 JCacheTest_Construct
 
  testConstruct
  ....
 
 JCacheCallbackTest_Callback
 EEE

 JAccessTest
 IIIII

 JRuleTest
 ....

 JRulesTest
 .....

 JPaginationTest
 
  testConstructor
  ...
 
 JRegistryFormatPHPTest_ObjectToString
 
  testObjectToString
  ..
 
 JVersionTest
 IIIII

 JDateTest
 IIIIIII

 JRequestTest_Clean
 EIII

 JRequestTest_GetVar
 
  testGetVarFromDataSet
  EEEEEEEEEEEEEEE
 
 JRequestTest_GetMethod
 .

 JRouteTest
 I

 JRouterTest
 IIIIIIIIIIIIIIIIIIII

 JMenuTest
 IIIIIIIIIII

 JCategoriesTest
 EE

 JModelFormTest
 II

 JComponentHelperTest
 IIII

 JModelListTest
 III

 JControllerTest
 EEEEEEEEEEEEEEEEEEEEE

 JControllerFormTest2
 EEEEEE

 JViewTest
 EEEEEEEEEEEEEEEEEEE

 JModelTest
 IIIIIIIII

 JModelItemTest
 F

 JModuleHelperTest
 IIIII

 JPathwayTest
 IIIIIII

 JControllerFormTest
 E.

 JApplicationHelperTest
 IIIII

 JCategoryNodeTest
 IIIII

 JApplicationTest
 EEEEEEEEEEEEEEEEEEEEEEEEE

 JFrameworkConfigTest
 F

 JNodeTest
 IIIII

 JObserverTest
 F

 JTreeTest
 III

 JAdapterInstanceTest
 F

 JObjectTest
 ...III..II

 JAdapterTest
 EEEE

 JObservableTest
 IIII

 JFormTest
 ...IIIEIIIIIII.I.IIIIIII.II

 JFolderTest_static
 
  testMakeSafeFromDataSet
  .
 
 JTextTest
 IIII

 JMailHelperTest
 
  testCleanLine
  ...
 
  testCleanText
  .........................
 
  testCleanBody
  ..
 III

Time: 6 seconds

There were 98 errors:

1) JCacheCallbackTest_Callback::testCallbackFunction
RuntimeException: PHP Fatal error:  main(): Failed opening required '/home/estaffor/src/php/Workspace/Unit Testing 1.6/includes/defines.php' (include_path='.:/php/includes:/usr/share/pear:/usr/share/php') in /home/estaffor/src/php/Workspace/Unit Testing 1.6/unittest/bootstrap.php on line 45
PHP Stack trace:
PHP   1. {main}() /home/estaffor/src/php/Workspace/Unit Testing 1.6/unittest/tests/libraries/joomla/-:0
PHP   2. __phpunit_run_isolated_test() /home/estaffor/src/php/Workspace/Unit Testing 1.6/unittest/tests/libraries/joomla/-:43
PHP   3. PHPUnit_Framework_TestCase->run() /home/estaffor/src/php/Workspace/Unit Testing 1.6/unittest/tests/libraries/joomla/-:19
PHP   4. PHPUnit_Framework_TestResult->run() /usr/share/pear/PHPUnit/Framework/TestCase.php:653
PHP   5. PHPUnit_Framework_TestCase->runBare() /usr/share/pear/PHPUnit/Framework/TestResult.php:687
PHP   6. JCacheCallbackTest_Callback->setUp() /usr/share/pear/PHPUnit/Framework/TestCase.php:702
PHP   7. require_once() /home/estaffor/src/php/Workspace/Unit Testing 1.6/unittest/tests/libraries/joomla/cache/handler/JCacheCallbackCallbackTest.php:25


2) JCacheCallbackTest_Callback::testCallbackStatic
RuntimeException: PHP Fatal error:  main(): Failed opening required '/home/estaffor/src/php/Workspace/Unit Testing 1.6/includes/defines.php' (include_path='.:/php/includes:/usr/share/pear:/usr/share/php') in /home/estaffor/src/php/Workspace/Unit Testing 1.6/unittest/bootstrap.php on line 45
PHP Stack trace:
PHP   1. {main}() /home/estaffor/src/php/Workspace/Unit Testing 1.6/unittest/tests/libraries/joomla/-:0
PHP   2. __phpunit_run_isolated_test() /home/estaffor/src/php/Workspace/Unit Testing 1.6/unittest/tests/libraries/joomla/-:43
PHP   3. PHPUnit_Framework_TestCase->run() /home/estaffor/src/php/Workspace/Unit Testing 1.6/unittest/tests/libraries/joomla/-:19
PHP   4. PHPUnit_Framework_TestResult->run() /usr/share/pear/PHPUnit/Framework/TestCase.php:653
PHP   5. PHPUnit_Framework_TestCase->runBare() /usr/share/pear/PHPUnit/Framework/TestResult.php:687
PHP   6. JCacheCallbackTest_Callback->setUp() /usr/share/pear/PHPUnit/Framework/TestCase.php:702
PHP   7. require_once() /home/estaffor/src/php/Workspace/Unit Testing 1.6/unittest/tests/libraries/joomla/cache/handler/JCacheCallbackCallbackTest.php:25


3) JCacheCallbackTest_Callback::testCallbackInstance
RuntimeException: PHP Fatal error:  main(): Failed opening required '/home/estaffor/src/php/Workspace/Unit Testing 1.6/includes/defines.php' (include_path='.:/php/includes:/usr/share/pear:/usr/share/php') in /home/estaffor/src/php/Workspace/Unit Testing 1.6/unittest/bootstrap.php on line 45
PHP Stack trace:
PHP   1. {main}() /home/estaffor/src/php/Workspace/Unit Testing 1.6/unittest/tests/libraries/joomla/-:0
PHP   2. __phpunit_run_isolated_test() /home/estaffor/src/php/Workspace/Unit Testing 1.6/unittest/tests/libraries/joomla/-:43
PHP   3. PHPUnit_Framework_TestCase->run() /home/estaffor/src/php/Workspace/Unit Testing 1.6/unittest/tests/libraries/joomla/-:19
PHP   4. PHPUnit_Framework_TestResult->run() /usr/share/pear/PHPUnit/Framework/TestCase.php:653
PHP   5. PHPUnit_Framework_TestCase->runBare() /usr/share/pear/PHPUnit/Framework/TestResult.php:687
PHP   6. JCacheCallbackTest_Callback->setUp() /usr/share/pear/PHPUnit/Framework/TestCase.php:702
PHP   7. require_once() /home/estaffor/src/php/Workspace/Unit Testing 1.6/unittest/tests/libraries/joomla/cache/handler/JCacheCallbackCallbackTest.php:25


4) JRequestTest_Clean::testRequestClean
RuntimeException: PHP Fatal error:  main(): Failed opening required '/home/estaffor/src/php/Workspace/Unit Testing 1.6/includes/defines.php' (include_path='.:/php/includes:/usr/share/pear:/usr/share/php') in /home/estaffor/src/php/Workspace/Unit Testing 1.6/unittest/bootstrap.php on line 45
PHP Stack trace:
PHP   1. {main}() /home/estaffor/src/php/Workspace/Unit Testing 1.6/unittest/tests/libraries/joomla/-:0
PHP   2. __phpunit_run_isolated_test() /home/estaffor/src/php/Workspace/Unit Testing 1.6/unittest/tests/libraries/joomla/-:43
PHP   3. PHPUnit_Framework_TestCase->run() /home/estaffor/src/php/Workspace/Unit Testing 1.6/unittest/tests/libraries/joomla/-:19
PHP   4. PHPUnit_Framework_TestResult->run() /usr/share/pear/PHPUnit/Framework/TestCase.php:653
PHP   5. PHPUnit_Framework_TestCase->runBare() /usr/share/pear/PHPUnit/Framework/TestResult.php:687
PHP   6. PHPUnit_Framework_TestCase->runTest() /usr/share/pear/PHPUnit/Framework/TestCase.php:707
PHP   7. ReflectionMethod->invokeArgs() /usr/share/pear/PHPUnit/Framework/TestCase.php:824
PHP   8. JRequestTest_Clean->testRequestClean() /home/estaffor/src/php/Workspace/Unit Testing 1.6/unittest/tests/libraries/joomla/environment/JRequestCleanTest.php:0
PHP   9. JRequestTest_Clean->loadFramework() /home/estaffor/src/php/Workspace/Unit Testing 1.6/unittest/tests/libraries/joomla/environment/JRequestCleanTest.php:45
PHP  10. require_once() /home/estaffor/src/php/Workspace/Unit Testing 1.6/unittest/tests/libraries/joomla/environment/JRequestCleanTest.php:38


5) JRequestTest_GetVar::testGetVarFromDataSet with data set #0 ('missing', NULL, 'default', 'none', 0, NULL, array())
RuntimeException: PHP Fatal error:  main(): Failed opening required '/home/estaffor/src/php/Workspace/Unit Testing 1.6/includes/defines.php' (include_path='.:/php/includes:/usr/share/pear:/usr/share/php') in /home/estaffor/src/php/Workspace/Unit Testing 1.6/unittest/bootstrap.php on line 45
PHP Stack trace:
PHP   1. {main}() /home/estaffor/src/php/Workspace/Unit Testing 1.6/unittest/tests/libraries/joomla/-:0
PHP   2. __phpunit_run_isolated_test() /home/estaffor/src/php/Workspace/Unit Testing 1.6/unittest/tests/libraries/joomla/-:43
PHP   3. PHPUnit_Framework_TestCase->run() /home/estaffor/src/php/Workspace/Unit Testing 1.6/unittest/tests/libraries/joomla/-:19
PHP   4. PHPUnit_Framework_TestResult->run() /usr/share/pear/PHPUnit/Framework/TestCase.php:653
PHP   5. PHPUnit_Framework_TestCase->runBare() /usr/share/pear/PHPUnit/Framework/TestResult.php:687
PHP   6. PHPUnit_Framework_TestCase->runTest() /usr/share/pear/PHPUnit/Framework/TestCase.php:707
PHP   7. ReflectionMethod->invokeArgs() /usr/share/pear/PHPUnit/Framework/TestCase.php:824
PHP   8. JRequestTest_GetVar->testGetVarFromDataSet() /home/estaffor/src/php/Workspace/Unit Testing 1.6/unittest/tests/libraries/joomla/environment/JRequestGetVarTest.php:0
PHP   9. require_once() /home/estaffor/src/php/Workspace/Unit Testing 1.6/unittest/tests/libraries/joomla/environment/JRequestGetVarTest.php:46


6) JRequestTest_GetVar::testGetVarFromDataSet with data set #1 ('missing', 'absent', 'default', 'none', 0, 'absent', array(array('absent', 'NONE', 'absent', 2)))
RuntimeException: PHP Fatal error:  main(): Failed opening required '/home/estaffor/src/php/Workspace/Unit Testing 1.6/includes/defines.php' (include_path='.:/php/includes:/usr/share/pear:/usr/share/php') in /home/estaffor/src/php/Workspace/Unit Testing 1.6/unittest/bootstrap.php on line 45
PHP Stack trace:
PHP   1. {main}() /home/estaffor/src/php/Workspace/Unit Testing 1.6/unittest/tests/libraries/joomla/-:0
PHP   2. __phpunit_run_isolated_test() /home/estaffor/src/php/Workspace/Unit Testing 1.6/unittest/tests/libraries/joomla/-:43
PHP   3. PHPUnit_Framework_TestCase->run() /home/estaffor/src/php/Workspace/Unit Testing 1.6/unittest/tests/libraries/joomla/-:19
PHP   4. PHPUnit_Framework_TestResult->run() /usr/share/pear/PHPUnit/Framework/TestCase.php:653
PHP   5. PHPUnit_Framework_TestCase->runBare() /usr/share/pear/PHPUnit/Framework/TestResult.php:687
PHP   6. PHPUnit_Framework_TestCase->runTest() /usr/share/pear/PHPUnit/Framework/TestCase.php:707
PHP   7. ReflectionMethod->invokeArgs() /usr/share/pear/PHPUnit/Framework/TestCase.php:824
PHP   8. JRequestTest_GetVar->testGetVarFromDataSet() /home/estaffor/src/php/Workspace/Unit Testing 1.6/unittest/tests/libraries/joomla/environment/JRequestGetVarTest.php:0
PHP   9. require_once() /home/estaffor/src/php/Workspace/Unit Testing 1.6/unittest/tests/libraries/joomla/environment/JRequestGetVarTest.php:46


7) JRequestTest_GetVar::testGetVarFromDataSet with data set #2 ('tag', NULL, 'default', 'none', 0, 'from _REQUEST', array(array('from _REQUEST', 'NONE', 'from _REQUEST', 1)))
RuntimeException: PHP Fatal error:  main(): Failed opening required '/home/estaffor/src/php/Workspace/Unit Testing 1.6/includes/defines.php' (include_path='.:/php/includes:/usr/share/pear:/usr/share/php') in /home/estaffor/src/php/Workspace/Unit Testing 1.6/unittest/bootstrap.php on line 45
PHP Stack trace:
PHP   1. {main}() /home/estaffor/src/php/Workspace/Unit Testing 1.6/unittest/tests/libraries/joomla/-:0
PHP   2. __phpunit_run_isolated_test() /home/estaffor/src/php/Workspace/Unit Testing 1.6/unittest/tests/libraries/joomla/-:43
PHP   3. PHPUnit_Framework_TestCase->run() /home/estaffor/src/php/Workspace/Unit Testing 1.6/unittest/tests/libraries/joomla/-:19
PHP   4. PHPUnit_Framework_TestResult->run() /usr/share/pear/PHPUnit/Framework/TestCase.php:653
PHP   5. PHPUnit_Framework_TestCase->runBare() /usr/share/pear/PHPUnit/Framework/TestResult.php:687
PHP   6. PHPUnit_Framework_TestCase->runTest() /usr/share/pear/PHPUnit/Framework/TestCase.php:707
PHP   7. ReflectionMethod->invokeArgs() /usr/share/pear/PHPUnit/Framework/TestCase.php:824
PHP   8. JRequestTest_GetVar->testGetVarFromDataSet() /home/estaffor/src/php/Workspace/Unit Testing 1.6/unittest/tests/libraries/joomla/environment/JRequestGetVarTest.php:0
PHP   9. require_once() /home/estaffor/src/php/Workspace/Unit Testing 1.6/unittest/tests/libraries/joomla/environment/JRequestGetVarTest.php:46


8) JRequestTest_GetVar::testGetVarFromDataSet with data set #3 ('tag', NULL, 'post', 'none', 0, 'from _POST', array(array('from _POST', 'NONE', 'from _POST', 1)))
RuntimeException: PHP Fatal error:  main(): Failed opening required '/home/estaffor/src/php/Workspace/Unit Testing 1.6/includes/defines.php' (include_path='.:/php/includes:/usr/share/pear:/usr/share/php') in /home/estaffor/src/php/Workspace/Unit Testing 1.6/unittest/bootstrap.php on line 45
PHP Stack trace:
PHP   1. {main}() /home/estaffor/src/php/Workspace/Unit Testing 1.6/unittest/tests/libraries/joomla/-:0
PHP   2. __phpunit_run_isolated_test() /home/estaffor/src/php/Workspace/Unit Testing 1.6/unittest/tests/libraries/joomla/-:43
PHP   3. PHPUnit_Framework_TestCase->run() /home/estaffor/src/php/Workspace/Unit Testing 1.6/unittest/tests/libraries/joomla/-:19
PHP   4. PHPUnit_Framework_TestResult->run() /usr/share/pear/PHPUnit/Framework/TestCase.php:653
PHP   5. PHPUnit_Framework_TestCase->runBare() /usr/share/pear/PHPUnit/Framework/TestResult.php:687
PHP   6. PHPUnit_Framework_TestCase->runTest() /usr/share/pear/PHPUnit/Framework/TestCase.php:707
PHP   7. ReflectionMethod->invokeArgs() /usr/share/pear/PHPUnit/Framework/TestCase.php:824
PHP   8. JRequestTest_GetVar->testGetVarFromDataSet() /home/estaffor/src/php/Workspace/Unit Testing 1.6/unittest/tests/libraries/joomla/environment/JRequestGetVarTest.php:0
PHP   9. require_once() /home/estaffor/src/php/Workspace/Unit Testing 1.6/unittest/tests/libraries/joomla/environment/JRequestGetVarTest.php:46


9) JRequestTest_GetVar::testGetVarFromDataSet with data set #4 ('tag', NULL, 'method', 'none', 0, 'from _POST', array(array('from _POST', 'NONE', 'from _POST', 1)))
RuntimeException: PHP Fatal error:  main(): Failed opening required '/home/estaffor/src/php/Workspace/Unit Testing 1.6/includes/defines.php' (include_path='.:/php/includes:/usr/share/pear:/usr/share/php') in /home/estaffor/src/php/Workspace/Unit Testing 1.6/unittest/bootstrap.php on line 45
PHP Stack trace:
PHP   1. {main}() /home/estaffor/src/php/Workspace/Unit Testing 1.6/unittest/tests/libraries/joomla/-:0
PHP   2. __phpunit_run_isolated_test() /home/estaffor/src/php/Workspace/Unit Testing 1.6/unittest/tests/libraries/joomla/-:43
PHP   3. PHPUnit_Framework_TestCase->run() /home/estaffor/src/php/Workspace/Unit Testing 1.6/unittest/tests/libraries/joomla/-:19
PHP   4. PHPUnit_Framework_TestResult->run() /usr/share/pear/PHPUnit/Framework/TestCase.php:653
PHP   5. PHPUnit_Framework_TestCase->runBare() /usr/share/pear/PHPUnit/Framework/TestResult.php:687
PHP   6. PHPUnit_Framework_TestCase->runTest() /usr/share/pear/PHPUnit/Framework/TestCase.php:707
PHP   7. ReflectionMethod->invokeArgs() /usr/share/pear/PHPUnit/Framework/TestCase.php:824
PHP   8. JRequestTest_GetVar->testGetVarFromDataSet() /home/estaffor/src/php/Workspace/Unit Testing 1.6/unittest/tests/libraries/joomla/environment/JRequestGetVarTest.php:0
PHP   9. require_once() /home/estaffor/src/php/Workspace/Unit Testing 1.6/unittest/tests/libraries/joomla/environment/JRequestGetVarTest.php:46


10) JRequestTest_GetVar::testGetVarFromDataSet with data set #5 ('tag', NULL, 'request', 'none', 0, 'from _REQUEST', array(array('from _REQUEST', 'NONE', 'from _REQUEST', 1)))
RuntimeException: PHP Fatal error:  main(): Failed opening required '/home/estaffor/src/php/Workspace/Unit Testing 1.6/includes/defines.php' (include_path='.:/php/includes:/usr/share/pear:/usr/share/php') in /home/estaffor/src/php/Workspace/Unit Testing 1.6/unittest/bootstrap.php on line 45
PHP Stack trace:
PHP   1. {main}() /home/estaffor/src/php/Workspace/Unit Testing 1.6/unittest/tests/libraries/joomla/-:0
PHP   2. __phpunit_run_isolated_test() /home/estaffor/src/php/Workspace/Unit Testing 1.6/unittest/tests/libraries/joomla/-:43
PHP   3. PHPUnit_Framework_TestCase->run() /home/estaffor/src/php/Workspace/Unit Testing 1.6/unittest/tests/libraries/joomla/-:19
PHP   4. PHPUnit_Framework_TestResult->run() /usr/share/pear/PHPUnit/Framework/TestCase.php:653
PHP   5. PHPUnit_Framework_TestCase->runBare() /usr/share/pear/PHPUnit/Framework/TestResult.php:687
PHP   6. PHPUnit_Framework_TestCase->runTest() /usr/share/pear/PHPUnit/Framework/TestCase.php:707
PHP   7. ReflectionMethod->invokeArgs() /usr/share/pear/PHPUnit/Framework/TestCase.php:824
PHP   8. JRequestTest_GetVar->testGetVarFromDataSet() /home/estaffor/src/php/Workspace/Unit Testing 1.6/unittest/tests/libraries/joomla/environment/JRequestGetVarTest.php:0
PHP   9. require_once() /home/estaffor/src/php/Workspace/Unit Testing 1.6/unittest/tests/libraries/joomla/environment/JRequestGetVarTest.php:46


11) JRequestTest_GetVar::testGetVarFromDataSet with data set #6 ('tag', NULL, 'invalid', 'none', 0, 'from _REQUEST', array(array('from _REQUEST', 'NONE', 'from _REQUEST', 1)))
RuntimeException: PHP Fatal error:  main(): Failed opening required '/home/estaffor/src/php/Workspace/Unit Testing 1.6/includes/defines.php' (include_path='.:/php/includes:/usr/share/pear:/usr/share/php') in /home/estaffor/src/php/Workspace/Unit Testing 1.6/unittest/bootstrap.php on line 45
PHP Stack trace:
PHP   1. {main}() /home/estaffor/src/php/Workspace/Unit Testing 1.6/unittest/tests/libraries/joomla/-:0
PHP   2. __phpunit_run_isolated_test() /home/estaffor/src/php/Workspace/Unit Testing 1.6/unittest/tests/libraries/joomla/-:43
PHP   3. PHPUnit_Framework_TestCase->run() /home/estaffor/src/php/Workspace/Unit Testing 1.6/unittest/tests/libraries/joomla/-:19
PHP   4. PHPUnit_Framework_TestResult->run() /usr/share/pear/PHPUnit/Framework/TestCase.php:653
PHP   5. PHPUnit_Framework_TestCase->runBare() /usr/share/pear/PHPUnit/Framework/TestResult.php:687
PHP   6. PHPUnit_Framework_TestCase->runTest() /usr/share/pear/PHPUnit/Framework/TestCase.php:707
PHP   7. ReflectionMethod->invokeArgs() /usr/share/pear/PHPUnit/Framework/TestCase.php:824
PHP   8. JRequestTest_GetVar->testGetVarFromDataSet() /home/estaffor/src/php/Workspace/Unit Testing 1.6/unittest/tests/libraries/joomla/environment/JRequestGetVarTest.php:0
PHP   9. require_once() /home/estaffor/src/php/Workspace/Unit Testing 1.6/unittest/tests/libraries/joomla/environment/JRequestGetVarTest.php:46


12) JRequestTest_GetVar::testGetVarFromDataSet with data set #7 ('tag', NULL, 'cookie', 'none', 0, 'from _COOKIE', array(array('from _COOKIE', 'NONE', 'from _COOKIE', 1)))
RuntimeException: PHP Fatal error:  main(): Failed opening required '/home/estaffor/src/php/Workspace/Unit Testing 1.6/includes/defines.php' (include_path='.:/php/includes:/usr/share/pear:/usr/share/php') in /home/estaffor/src/php/Workspace/Unit Testing 1.6/unittest/bootstrap.php on line 45
PHP Stack trace:
PHP   1. {main}() /home/estaffor/src/php/Workspace/Unit Testing 1.6/unittest/tests/libraries/joomla/-:0
PHP   2. __phpunit_run_isolated_test() /home/estaffor/src/php/Workspace/Unit Testing 1.6/unittest/tests/libraries/joomla/-:43
PHP   3. PHPUnit_Framework_TestCase->run() /home/estaffor/src/php/Workspace/Unit Testing 1.6/unittest/tests/libraries/joomla/-:19
PHP   4. PHPUnit_Framework_TestResult->run() /usr/share/pear/PHPUnit/Framework/TestCase.php:653
PHP   5. PHPUnit_Framework_TestCase->runBare() /usr/share/pear/PHPUnit/Framework/TestResult.php:687
PHP   6. PHPUnit_Framework_TestCase->runTest() /usr/share/pear/PHPUnit/Framework/TestCase.php:707
PHP   7. ReflectionMethod->invokeArgs() /usr/share/pear/PHPUnit/Framework/TestCase.php:824
PHP   8. JRequestTest_GetVar->testGetVarFromDataSet() /home/estaffor/src/php/Workspace/Unit Testing 1.6/unittest/tests/libraries/joomla/environment/JRequestGetVarTest.php:0
PHP   9. require_once() /home/estaffor/src/php/Workspace/Unit Testing 1.6/unittest/tests/libraries/joomla/environment/JRequestGetVarTest.php:46


13) JRequestTest_GetVar::testGetVarFromDataSet with data set #8 ('tag', NULL, 'files', 'none', 0, 'from _FILES', array(array('from _FILES', 'NONE', 'from _FILES', 1)))
RuntimeException: PHP Fatal error:  main(): Failed opening required '/home/estaffor/src/php/Workspace/Unit Testing 1.6/includes/defines.php' (include_path='.:/php/includes:/usr/share/pear:/usr/share/php') in /home/estaffor/src/php/Workspace/Unit Testing 1.6/unittest/bootstrap.php on line 45
PHP Stack trace:
PHP   1. {main}() /home/estaffor/src/php/Workspace/Unit Testing 1.6/unittest/tests/libraries/joomla/-:0
PHP   2. __phpunit_run_isolated_test() /home/estaffor/src/php/Workspace/Unit Testing 1.6/unittest/tests/libraries/joomla/-:43
PHP   3. PHPUnit_Framework_TestCase->run() /home/estaffor/src/php/Workspace/Unit Testing 1.6/unittest/tests/libraries/joomla/-:19
PHP   4. PHPUnit_Framework_TestResult->run() /usr/share/pear/PHPUnit/Framework/TestCase.php:653
PHP   5. PHPUnit_Framework_TestCase->runBare() /usr/share/pear/PHPUnit/Framework/TestResult.php:687
PHP   6. PHPUnit_Framework_TestCase->runTest() /usr/share/pear/PHPUnit/Framework/TestCase.php:707
PHP   7. ReflectionMethod->invokeArgs() /usr/share/pear/PHPUnit/Framework/TestCase.php:824
PHP   8. JRequestTest_GetVar->testGetVarFromDataSet() /home/estaffor/src/php/Workspace/Unit Testing 1.6/unittest/tests/libraries/joomla/environment/JRequestGetVarTest.php:0
PHP   9. require_once() /home/estaffor/src/php/Workspace/Unit Testing 1.6/unittest/tests/libraries/joomla/environment/JRequestGetVarTest.php:46


14) JRequestTest_GetVar::testGetVarFromDataSet with data set #9 ('tag', NULL, 'env', 'none', 0, 'from _ENV', array(array('from _ENV', 'NONE', 'from _ENV', 1)))
RuntimeException: PHP Fatal error:  main(): Failed opening required '/home/estaffor/src/php/Workspace/Unit Testing 1.6/includes/defines.php' (include_path='.:/php/includes:/usr/share/pear:/usr/share/php') in /home/estaffor/src/php/Workspace/Unit Testing 1.6/unittest/bootstrap.php on line 45
PHP Stack trace:
PHP   1. {main}() /home/estaffor/src/php/Workspace/Unit Testing 1.6/unittest/tests/libraries/joomla/-:0
PHP   2. __phpunit_run_isolated_test() /home/estaffor/src/php/Workspace/Unit Testing 1.6/unittest/tests/libraries/joomla/-:43
PHP   3. PHPUnit_Framework_TestCase->run() /home/estaffor/src/php/Workspace/Unit Testing 1.6/unittest/tests/libraries/joomla/-:19
PHP   4. PHPUnit_Framework_TestResult->run() /usr/share/pear/PHPUnit/Framework/TestCase.php:653
PHP   5. PHPUnit_Framework_TestCase->runBare() /usr/share/pear/PHPUnit/Framework/TestResult.php:687
PHP   6. PHPUnit_Framework_TestCase->runTest() /usr/share/pear/PHPUnit/Framework/TestCase.php:707
PHP   7. ReflectionMethod->invokeArgs() /usr/share/pear/PHPUnit/Framework/TestCase.php:824
PHP   8. JRequestTest_GetVar->testGetVarFromDataSet() /home/estaffor/src/php/Workspace/Unit Testing 1.6/unittest/tests/libraries/joomla/environment/JRequestGetVarTest.php:0
PHP   9. require_once() /home/estaffor/src/php/Workspace/Unit Testing 1.6/unittest/tests/libraries/joomla/environment/JRequestGetVarTest.php:46


15) JRequestTest_GetVar::testGetVarFromDataSet with data set #10 ('tag', NULL, 'server', 'none', 0, 'from _SERVER', array(array('from _SERVER', 'NONE', 'from _SERVER', 1)))
RuntimeException: PHP Fatal error:  main(): Failed opening required '/home/estaffor/src/php/Workspace/Unit Testing 1.6/includes/defines.php' (include_path='.:/php/includes:/usr/share/pear:/usr/share/php') in /home/estaffor/src/php/Workspace/Unit Testing 1.6/unittest/bootstrap.php on line 45
PHP Stack trace:
PHP   1. {main}() /home/estaffor/src/php/Workspace/Unit Testing 1.6/unittest/tests/libraries/joomla/-:0
PHP   2. __phpunit_run_isolated_test() /home/estaffor/src/php/Workspace/Unit Testing 1.6/unittest/tests/libraries/joomla/-:43
PHP   3. PHPUnit_Framework_TestCase->run() /home/estaffor/src/php/Workspace/Unit Testing 1.6/unittest/tests/libraries/joomla/-:19
PHP   4. PHPUnit_Framework_TestResult->run() /usr/share/pear/PHPUnit/Framework/TestCase.php:653
PHP   5. PHPUnit_Framework_TestCase->runBare() /usr/share/pear/PHPUnit/Framework/TestResult.php:687
PHP   6. PHPUnit_Framework_TestCase->runTest() /usr/share/pear/PHPUnit/Framework/TestCase.php:707
PHP   7. ReflectionMethod->invokeArgs() /usr/share/pear/PHPUnit/Framework/TestCase.php:824
PHP   8. JRequestTest_GetVar->testGetVarFromDataSet() /home/estaffor/src/php/Workspace/Unit Testing 1.6/unittest/tests/libraries/joomla/environment/JRequestGetVarTest.php:0
PHP   9. require_once() /home/estaffor/src/php/Workspace/Unit Testing 1.6/unittest/tests/libraries/joomla/environment/JRequestGetVarTest.php:46


16) JRequestTest_GetVar::testGetVarFromDataSet with data set #11 ('trim_test', NULL, 'default', 'none', 0, 'has  whitespace', array(array('has  whitespace', 'NONE', 'has  whitespace', 1)))
RuntimeException: PHP Fatal error:  main(): Failed opening required '/home/estaffor/src/php/Workspace/Unit Testing 1.6/includes/defines.php' (include_path='.:/php/includes:/usr/share/pear:/usr/share/php') in /home/estaffor/src/php/Workspace/Unit Testing 1.6/unittest/bootstrap.php on line 45
PHP Stack trace:
PHP   1. {main}() /home/estaffor/src/php/Workspace/Unit Testing 1.6/unittest/tests/libraries/joomla/-:0
PHP   2. __phpunit_run_isolated_test() /home/estaffor/src/php/Workspace/Unit Testing 1.6/unittest/tests/libraries/joomla/-:43
PHP   3. PHPUnit_Framework_TestCase->run() /home/estaffor/src/php/Workspace/Unit Testing 1.6/unittest/tests/libraries/joomla/-:19
PHP   4. PHPUnit_Framework_TestResult->run() /usr/share/pear/PHPUnit/Framework/TestCase.php:653
PHP   5. PHPUnit_Framework_TestCase->runBare() /usr/share/pear/PHPUnit/Framework/TestResult.php:687
PHP   6. PHPUnit_Framework_TestCase->runTest() /usr/share/pear/PHPUnit/Framework/TestCase.php:707
PHP   7. ReflectionMethod->invokeArgs() /usr/share/pear/PHPUnit/Framework/TestCase.php:824
PHP   8. JRequestTest_GetVar->testGetVarFromDataSet() /home/estaffor/src/php/Workspace/Unit Testing 1.6/unittest/tests/libraries/joomla/environment/JRequestGetVarTest.php:0
PHP   9. require_once() /home/estaffor/src/php/Workspace/Unit Testing 1.6/unittest/tests/libraries/joomla/environment/JRequestGetVarTest.php:46


17) JRequestTest_GetVar::testGetVarFromDataSet with data set #12 ('trim_test', NULL, 'default', 'none', 1, ' has  whitespace ', array(array(' has  whitespace ', 'NONE', ' has  whitespace ', 1)))
RuntimeException: PHP Fatal error:  main(): Failed opening required '/home/estaffor/src/php/Workspace/Unit Testing 1.6/includes/defines.php' (include_path='.:/php/includes:/usr/share/pear:/usr/share/php') in /home/estaffor/src/php/Workspace/Unit Testing 1.6/unittest/bootstrap.php on line 45
PHP Stack trace:
PHP   1. {main}() /home/estaffor/src/php/Workspace/Unit Testing 1.6/unittest/tests/libraries/joomla/-:0
PHP   2. __phpunit_run_isolated_test() /home/estaffor/src/php/Workspace/Unit Testing 1.6/unittest/tests/libraries/joomla/-:43
PHP   3. PHPUnit_Framework_TestCase->run() /home/estaffor/src/php/Workspace/Unit Testing 1.6/unittest/tests/libraries/joomla/-:19
PHP   4. PHPUnit_Framework_TestResult->run() /usr/share/pear/PHPUnit/Framework/TestCase.php:653
PHP   5. PHPUnit_Framework_TestCase->runBare() /usr/share/pear/PHPUnit/Framework/TestResult.php:687
PHP   6. PHPUnit_Framework_TestCase->runTest() /usr/share/pear/PHPUnit/Framework/TestCase.php:707
PHP   7. ReflectionMethod->invokeArgs() /usr/share/pear/PHPUnit/Framework/TestCase.php:824
PHP   8. JRequestTest_GetVar->testGetVarFromDataSet() /home/estaffor/src/php/Workspace/Unit Testing 1.6/unittest/tests/libraries/joomla/environment/JRequestGetVarTest.php:0
PHP   9. require_once() /home/estaffor/src/php/Workspace/Unit Testing 1.6/unittest/tests/libraries/joomla/environment/JRequestGetVarTest.php:46


18) JRequestTest_GetVar::testGetVarFromDataSet with data set #13 ('raw_test', NULL, 'default', 'none', 2, '<body>stuff</body>', array())
RuntimeException: PHP Fatal error:  main(): Failed opening required '/home/estaffor/src/php/Workspace/Unit Testing 1.6/includes/defines.php' (include_path='.:/php/includes:/usr/share/pear:/usr/share/php') in /home/estaffor/src/php/Workspace/Unit Testing 1.6/unittest/bootstrap.php on line 45
PHP Stack trace:
PHP   1. {main}() /home/estaffor/src/php/Workspace/Unit Testing 1.6/unittest/tests/libraries/joomla/-:0
PHP   2. __phpunit_run_isolated_test() /home/estaffor/src/php/Workspace/Unit Testing 1.6/unittest/tests/libraries/joomla/-:43
PHP   3. PHPUnit_Framework_TestCase->run() /home/estaffor/src/php/Workspace/Unit Testing 1.6/unittest/tests/libraries/joomla/-:19
PHP   4. PHPUnit_Framework_TestResult->run() /usr/share/pear/PHPUnit/Framework/TestCase.php:653
PHP   5. PHPUnit_Framework_TestCase->runBare() /usr/share/pear/PHPUnit/Framework/TestResult.php:687
PHP   6. PHPUnit_Framework_TestCase->runTest() /usr/share/pear/PHPUnit/Framework/TestCase.php:707
PHP   7. ReflectionMethod->invokeArgs() /usr/share/pear/PHPUnit/Framework/TestCase.php:824
PHP   8. JRequestTest_GetVar->testGetVarFromDataSet() /home/estaffor/src/php/Workspace/Unit Testing 1.6/unittest/tests/libraries/joomla/environment/JRequestGetVarTest.php:0
PHP   9. require_once() /home/estaffor/src/php/Workspace/Unit Testing 1.6/unittest/tests/libraries/joomla/environment/JRequestGetVarTest.php:46


19) JRequestTest_GetVar::testGetVarFromDataSet with data set #14 ('raw_test', NULL, 'default', 'none', 4, '<body>stuff</body>', array(array('<body>stuff</body>', 'NONE', '<body>stuff</body>', 1)))
RuntimeException: PHP Fatal error:  main(): Failed opening required '/home/estaffor/src/php/Workspace/Unit Testing 1.6/includes/defines.php' (include_path='.:/php/includes:/usr/share/pear:/usr/share/php') in /home/estaffor/src/php/Workspace/Unit Testing 1.6/unittest/bootstrap.php on line 45
PHP Stack trace:
PHP   1. {main}() /home/estaffor/src/php/Workspace/Unit Testing 1.6/unittest/tests/libraries/joomla/-:0
PHP   2. __phpunit_run_isolated_test() /home/estaffor/src/php/Workspace/Unit Testing 1.6/unittest/tests/libraries/joomla/-:43
PHP   3. PHPUnit_Framework_TestCase->run() /home/estaffor/src/php/Workspace/Unit Testing 1.6/unittest/tests/libraries/joomla/-:19
PHP   4. PHPUnit_Framework_TestResult->run() /usr/share/pear/PHPUnit/Framework/TestCase.php:653
PHP   5. PHPUnit_Framework_TestCase->runBare() /usr/share/pear/PHPUnit/Framework/TestResult.php:687
PHP   6. PHPUnit_Framework_TestCase->runTest() /usr/share/pear/PHPUnit/Framework/TestCase.php:707
PHP   7. ReflectionMethod->invokeArgs() /usr/share/pear/PHPUnit/Framework/TestCase.php:824
PHP   8. JRequestTest_GetVar->testGetVarFromDataSet() /home/estaffor/src/php/Workspace/Unit Testing 1.6/unittest/tests/libraries/joomla/environment/JRequestGetVarTest.php:0
PHP   9. require_once() /home/estaffor/src/php/Workspace/Unit Testing 1.6/unittest/tests/libraries/joomla/environment/JRequestGetVarTest.php:46


20) JCategoriesTest::testGetInstance
Missing argument 1 for JCategories::__construct(), called in /home/estaffor/src/php/Workspace/Unit Testing 1.6/unittest/tests/libraries/joomla/application/JCategoriesTest.php on line 27 and defined

/home/estaffor/src/php/Workspace/trunk/libraries/joomla/application/categories.php:64
/home/estaffor/src/php/Workspace/Unit Testing 1.6/unittest/tests/libraries/joomla/application/JCategoriesTest.php:27

21) JCategoriesTest::testGet
Missing argument 1 for JCategories::__construct(), called in /home/estaffor/src/php/Workspace/Unit Testing 1.6/unittest/tests/libraries/joomla/application/JCategoriesTest.php on line 27 and defined

/home/estaffor/src/php/Workspace/trunk/libraries/joomla/application/categories.php:64
/home/estaffor/src/php/Workspace/Unit Testing 1.6/unittest/tests/libraries/joomla/application/JCategoriesTest.php:27

22) JControllerTest::testGetInstance
Use of undefined constant JPATH_COMPONENT - assumed 'JPATH_COMPONENT'

/home/estaffor/src/php/Workspace/trunk/libraries/joomla/application/component/controller.php:245
/home/estaffor/src/php/Workspace/Unit Testing 1.6/unittest/tests/libraries/joomla/application/component/JControllerTest.php:27

23) JControllerTest::testExecute
Use of undefined constant JPATH_COMPONENT - assumed 'JPATH_COMPONENT'

/home/estaffor/src/php/Workspace/trunk/libraries/joomla/application/component/controller.php:245
/home/estaffor/src/php/Workspace/Unit Testing 1.6/unittest/tests/libraries/joomla/application/component/JControllerTest.php:27

24) JControllerTest::testAuthorize
Use of undefined constant JPATH_COMPONENT - assumed 'JPATH_COMPONENT'

/home/estaffor/src/php/Workspace/trunk/libraries/joomla/application/component/controller.php:245
/home/estaffor/src/php/Workspace/Unit Testing 1.6/unittest/tests/libraries/joomla/application/component/JControllerTest.php:27

25) JControllerTest::testDisplay
Use of undefined constant JPATH_COMPONENT - assumed 'JPATH_COMPONENT'

/home/estaffor/src/php/Workspace/trunk/libraries/joomla/application/component/controller.php:245
/home/estaffor/src/php/Workspace/Unit Testing 1.6/unittest/tests/libraries/joomla/application/component/JControllerTest.php:27

26) JControllerTest::testRedirect
Use of undefined constant JPATH_COMPONENT - assumed 'JPATH_COMPONENT'

/home/estaffor/src/php/Workspace/trunk/libraries/joomla/application/component/controller.php:245
/home/estaffor/src/php/Workspace/Unit Testing 1.6/unittest/tests/libraries/joomla/application/component/JControllerTest.php:27

27) JControllerTest::testGetModel
Use of undefined constant JPATH_COMPONENT - assumed 'JPATH_COMPONENT'

/home/estaffor/src/php/Workspace/trunk/libraries/joomla/application/component/controller.php:245
/home/estaffor/src/php/Workspace/Unit Testing 1.6/unittest/tests/libraries/joomla/application/component/JControllerTest.php:27

28) JControllerTest::testAddModelPath
Use of undefined constant JPATH_COMPONENT - assumed 'JPATH_COMPONENT'

/home/estaffor/src/php/Workspace/trunk/libraries/joomla/application/component/controller.php:245
/home/estaffor/src/php/Workspace/Unit Testing 1.6/unittest/tests/libraries/joomla/application/component/JControllerTest.php:27

29) JControllerTest::testGetTasks
Use of undefined constant JPATH_COMPONENT - assumed 'JPATH_COMPONENT'

/home/estaffor/src/php/Workspace/trunk/libraries/joomla/application/component/controller.php:245
/home/estaffor/src/php/Workspace/Unit Testing 1.6/unittest/tests/libraries/joomla/application/component/JControllerTest.php:27

30) JControllerTest::testGetTask
Use of undefined constant JPATH_COMPONENT - assumed 'JPATH_COMPONENT'

/home/estaffor/src/php/Workspace/trunk/libraries/joomla/application/component/controller.php:245
/home/estaffor/src/php/Workspace/Unit Testing 1.6/unittest/tests/libraries/joomla/application/component/JControllerTest.php:27

31) JControllerTest::testGetName
Use of undefined constant JPATH_COMPONENT - assumed 'JPATH_COMPONENT'

/home/estaffor/src/php/Workspace/trunk/libraries/joomla/application/component/controller.php:245
/home/estaffor/src/php/Workspace/Unit Testing 1.6/unittest/tests/libraries/joomla/application/component/JControllerTest.php:27

32) JControllerTest::testGetView
Use of undefined constant JPATH_COMPONENT - assumed 'JPATH_COMPONENT'

/home/estaffor/src/php/Workspace/trunk/libraries/joomla/application/component/controller.php:245
/home/estaffor/src/php/Workspace/Unit Testing 1.6/unittest/tests/libraries/joomla/application/component/JControllerTest.php:27

33) JControllerTest::testAddViewPath
Use of undefined constant JPATH_COMPONENT - assumed 'JPATH_COMPONENT'

/home/estaffor/src/php/Workspace/trunk/libraries/joomla/application/component/controller.php:245
/home/estaffor/src/php/Workspace/Unit Testing 1.6/unittest/tests/libraries/joomla/application/component/JControllerTest.php:27

34) JControllerTest::testRegisterTask
Use of undefined constant JPATH_COMPONENT - assumed 'JPATH_COMPONENT'

/home/estaffor/src/php/Workspace/trunk/libraries/joomla/application/component/controller.php:245
/home/estaffor/src/php/Workspace/Unit Testing 1.6/unittest/tests/libraries/joomla/application/component/JControllerTest.php:27

35) JControllerTest::testRegisterDefaultTask
Use of undefined constant JPATH_COMPONENT - assumed 'JPATH_COMPONENT'

/home/estaffor/src/php/Workspace/trunk/libraries/joomla/application/component/controller.php:245
/home/estaffor/src/php/Workspace/Unit Testing 1.6/unittest/tests/libraries/joomla/application/component/JControllerTest.php:27

36) JControllerTest::testSetMessage
Use of undefined constant JPATH_COMPONENT - assumed 'JPATH_COMPONENT'

/home/estaffor/src/php/Workspace/trunk/libraries/joomla/application/component/controller.php:245
/home/estaffor/src/php/Workspace/Unit Testing 1.6/unittest/tests/libraries/joomla/application/component/JControllerTest.php:27

37) JControllerTest::testSetRedirect
Use of undefined constant JPATH_COMPONENT - assumed 'JPATH_COMPONENT'

/home/estaffor/src/php/Workspace/trunk/libraries/joomla/application/component/controller.php:245
/home/estaffor/src/php/Workspace/Unit Testing 1.6/unittest/tests/libraries/joomla/application/component/JControllerTest.php:27

38) JControllerTest::testSetAccessControl
Use of undefined constant JPATH_COMPONENT - assumed 'JPATH_COMPONENT'

/home/estaffor/src/php/Workspace/trunk/libraries/joomla/application/component/controller.php:245
/home/estaffor/src/php/Workspace/Unit Testing 1.6/unittest/tests/libraries/joomla/application/component/JControllerTest.php:27

39) JControllerTest::test_createModel
Use of undefined constant JPATH_COMPONENT - assumed 'JPATH_COMPONENT'

/home/estaffor/src/php/Workspace/trunk/libraries/joomla/application/component/controller.php:245
/home/estaffor/src/php/Workspace/Unit Testing 1.6/unittest/tests/libraries/joomla/application/component/JControllerTest.php:27

40) JControllerTest::test_createView
Use of undefined constant JPATH_COMPONENT - assumed 'JPATH_COMPONENT'

/home/estaffor/src/php/Workspace/trunk/libraries/joomla/application/component/controller.php:245
/home/estaffor/src/php/Workspace/Unit Testing 1.6/unittest/tests/libraries/joomla/application/component/JControllerTest.php:27

41) JControllerTest::test_setPath
Use of undefined constant JPATH_COMPONENT - assumed 'JPATH_COMPONENT'

/home/estaffor/src/php/Workspace/trunk/libraries/joomla/application/component/controller.php:245
/home/estaffor/src/php/Workspace/Unit Testing 1.6/unittest/tests/libraries/joomla/application/component/JControllerTest.php:27

42) JControllerTest::test_addPath
Use of undefined constant JPATH_COMPONENT - assumed 'JPATH_COMPONENT'

/home/estaffor/src/php/Workspace/trunk/libraries/joomla/application/component/controller.php:245
/home/estaffor/src/php/Workspace/Unit Testing 1.6/unittest/tests/libraries/joomla/application/component/JControllerTest.php:27

43) JControllerFormTest2::testGetModel
Use of undefined constant JPATH_COMPONENT - assumed 'JPATH_COMPONENT'

/home/estaffor/src/php/Workspace/trunk/libraries/joomla/application/component/controller.php:245
/home/estaffor/src/php/Workspace/trunk/libraries/joomla/application/component/controllerform.php:51
/home/estaffor/src/php/Workspace/Unit Testing 1.6/unittest/tests/libraries/joomla/application/component/JControllerFormTest.php:33

44) JControllerFormTest2::testDisplay
Use of undefined constant JPATH_COMPONENT - assumed 'JPATH_COMPONENT'

/home/estaffor/src/php/Workspace/trunk/libraries/joomla/application/component/controller.php:245
/home/estaffor/src/php/Workspace/trunk/libraries/joomla/application/component/controllerform.php:51
/home/estaffor/src/php/Workspace/Unit Testing 1.6/unittest/tests/libraries/joomla/application/component/JControllerFormTest.php:33

45) JControllerFormTest2::testAdd
Use of undefined constant JPATH_COMPONENT - assumed 'JPATH_COMPONENT'

/home/estaffor/src/php/Workspace/trunk/libraries/joomla/application/component/controller.php:245
/home/estaffor/src/php/Workspace/trunk/libraries/joomla/application/component/controllerform.php:51
/home/estaffor/src/php/Workspace/Unit Testing 1.6/unittest/tests/libraries/joomla/application/component/JControllerFormTest.php:33

46) JControllerFormTest2::testEdit
Use of undefined constant JPATH_COMPONENT - assumed 'JPATH_COMPONENT'

/home/estaffor/src/php/Workspace/trunk/libraries/joomla/application/component/controller.php:245
/home/estaffor/src/php/Workspace/trunk/libraries/joomla/application/component/controllerform.php:51
/home/estaffor/src/php/Workspace/Unit Testing 1.6/unittest/tests/libraries/joomla/application/component/JControllerFormTest.php:33

47) JControllerFormTest2::testCancel
Use of undefined constant JPATH_COMPONENT - assumed 'JPATH_COMPONENT'

/home/estaffor/src/php/Workspace/trunk/libraries/joomla/application/component/controller.php:245
/home/estaffor/src/php/Workspace/trunk/libraries/joomla/application/component/controllerform.php:51
/home/estaffor/src/php/Workspace/Unit Testing 1.6/unittest/tests/libraries/joomla/application/component/JControllerFormTest.php:33

48) JControllerFormTest2::testSave
Use of undefined constant JPATH_COMPONENT - assumed 'JPATH_COMPONENT'

/home/estaffor/src/php/Workspace/trunk/libraries/joomla/application/component/controller.php:245
/home/estaffor/src/php/Workspace/trunk/libraries/joomla/application/component/controllerform.php:51
/home/estaffor/src/php/Workspace/Unit Testing 1.6/unittest/tests/libraries/joomla/application/component/JControllerFormTest.php:33

49) JViewTest::testDisplay
Use of undefined constant JPATH_COMPONENT - assumed 'JPATH_COMPONENT'

/home/estaffor/src/php/Workspace/trunk/libraries/joomla/application/component/view.php:147
/home/estaffor/src/php/Workspace/Unit Testing 1.6/unittest/tests/libraries/joomla/application/component/JViewTest.php:27

50) JViewTest::testAssign
Use of undefined constant JPATH_COMPONENT - assumed 'JPATH_COMPONENT'

/home/estaffor/src/php/Workspace/trunk/libraries/joomla/application/component/view.php:147
/home/estaffor/src/php/Workspace/Unit Testing 1.6/unittest/tests/libraries/joomla/application/component/JViewTest.php:27

51) JViewTest::testAssignRef
Use of undefined constant JPATH_COMPONENT - assumed 'JPATH_COMPONENT'

/home/estaffor/src/php/Workspace/trunk/libraries/joomla/application/component/view.php:147
/home/estaffor/src/php/Workspace/Unit Testing 1.6/unittest/tests/libraries/joomla/application/component/JViewTest.php:27

52) JViewTest::testEscape
Use of undefined constant JPATH_COMPONENT - assumed 'JPATH_COMPONENT'

/home/estaffor/src/php/Workspace/trunk/libraries/joomla/application/component/view.php:147
/home/estaffor/src/php/Workspace/Unit Testing 1.6/unittest/tests/libraries/joomla/application/component/JViewTest.php:27

53) JViewTest::testGet
Use of undefined constant JPATH_COMPONENT - assumed 'JPATH_COMPONENT'

/home/estaffor/src/php/Workspace/trunk/libraries/joomla/application/component/view.php:147
/home/estaffor/src/php/Workspace/Unit Testing 1.6/unittest/tests/libraries/joomla/application/component/JViewTest.php:27

54) JViewTest::testGetModel
Use of undefined constant JPATH_COMPONENT - assumed 'JPATH_COMPONENT'

/home/estaffor/src/php/Workspace/trunk/libraries/joomla/application/component/view.php:147
/home/estaffor/src/php/Workspace/Unit Testing 1.6/unittest/tests/libraries/joomla/application/component/JViewTest.php:27

55) JViewTest::testGetLayout
Use of undefined constant JPATH_COMPONENT - assumed 'JPATH_COMPONENT'

/home/estaffor/src/php/Workspace/trunk/libraries/joomla/application/component/view.php:147
/home/estaffor/src/php/Workspace/Unit Testing 1.6/unittest/tests/libraries/joomla/application/component/JViewTest.php:27

56) JViewTest::testGetName
Use of undefined constant JPATH_COMPONENT - assumed 'JPATH_COMPONENT'

/home/estaffor/src/php/Workspace/trunk/libraries/joomla/application/component/view.php:147
/home/estaffor/src/php/Workspace/Unit Testing 1.6/unittest/tests/libraries/joomla/application/component/JViewTest.php:27

57) JViewTest::testSetModel
Use of undefined constant JPATH_COMPONENT - assumed 'JPATH_COMPONENT'

/home/estaffor/src/php/Workspace/trunk/libraries/joomla/application/component/view.php:147
/home/estaffor/src/php/Workspace/Unit Testing 1.6/unittest/tests/libraries/joomla/application/component/JViewTest.php:27

58) JViewTest::testSetLayout
Use of undefined constant JPATH_COMPONENT - assumed 'JPATH_COMPONENT'

/home/estaffor/src/php/Workspace/trunk/libraries/joomla/application/component/view.php:147
/home/estaffor/src/php/Workspace/Unit Testing 1.6/unittest/tests/libraries/joomla/application/component/JViewTest.php:27

59) JViewTest::testSetLayoutExt
Use of undefined constant JPATH_COMPONENT - assumed 'JPATH_COMPONENT'

/home/estaffor/src/php/Workspace/trunk/libraries/joomla/application/component/view.php:147
/home/estaffor/src/php/Workspace/Unit Testing 1.6/unittest/tests/libraries/joomla/application/component/JViewTest.php:27

60) JViewTest::testSetEscape
Use of undefined constant JPATH_COMPONENT - assumed 'JPATH_COMPONENT'

/home/estaffor/src/php/Workspace/trunk/libraries/joomla/application/component/view.php:147
/home/estaffor/src/php/Workspace/Unit Testing 1.6/unittest/tests/libraries/joomla/application/component/JViewTest.php:27

61) JViewTest::testAddTemplatePath
Use of undefined constant JPATH_COMPONENT - assumed 'JPATH_COMPONENT'

/home/estaffor/src/php/Workspace/trunk/libraries/joomla/application/component/view.php:147
/home/estaffor/src/php/Workspace/Unit Testing 1.6/unittest/tests/libraries/joomla/application/component/JViewTest.php:27

62) JViewTest::testAddHelperPath
Use of undefined constant JPATH_COMPONENT - assumed 'JPATH_COMPONENT'

/home/estaffor/src/php/Workspace/trunk/libraries/joomla/application/component/view.php:147
/home/estaffor/src/php/Workspace/Unit Testing 1.6/unittest/tests/libraries/joomla/application/component/JViewTest.php:27

63) JViewTest::testLoadTemplate
Use of undefined constant JPATH_COMPONENT - assumed 'JPATH_COMPONENT'

/home/estaffor/src/php/Workspace/trunk/libraries/joomla/application/component/view.php:147
/home/estaffor/src/php/Workspace/Unit Testing 1.6/unittest/tests/libraries/joomla/application/component/JViewTest.php:27

64) JViewTest::testLoadHelper
Use of undefined constant JPATH_COMPONENT - assumed 'JPATH_COMPONENT'

/home/estaffor/src/php/Workspace/trunk/libraries/joomla/application/component/view.php:147
/home/estaffor/src/php/Workspace/Unit Testing 1.6/unittest/tests/libraries/joomla/application/component/JViewTest.php:27

65) JViewTest::test_setPath
Use of undefined constant JPATH_COMPONENT - assumed 'JPATH_COMPONENT'

/home/estaffor/src/php/Workspace/trunk/libraries/joomla/application/component/view.php:147
/home/estaffor/src/php/Workspace/Unit Testing 1.6/unittest/tests/libraries/joomla/application/component/JViewTest.php:27

66) JViewTest::test_addPath
Use of undefined constant JPATH_COMPONENT - assumed 'JPATH_COMPONENT'

/home/estaffor/src/php/Workspace/trunk/libraries/joomla/application/component/view.php:147
/home/estaffor/src/php/Workspace/Unit Testing 1.6/unittest/tests/libraries/joomla/application/component/JViewTest.php:27

67) JViewTest::test_createFileName
Use of undefined constant JPATH_COMPONENT - assumed 'JPATH_COMPONENT'

/home/estaffor/src/php/Workspace/trunk/libraries/joomla/application/component/view.php:147
/home/estaffor/src/php/Workspace/Unit Testing 1.6/unittest/tests/libraries/joomla/application/component/JViewTest.php:27

68) JControllerFormTest::testConstructor
Undefined index:  _asset_name

/home/estaffor/src/php/Workspace/Unit Testing 1.6/unittest/tests/libraries/joomla/application/controller/JControllerFormTest.php:76

69) JApplicationTest::testGetInstance
Undefined index:  clientId

/home/estaffor/src/php/Workspace/trunk/libraries/joomla/application/application.php:83
/home/estaffor/src/php/Workspace/Unit Testing 1.6/unittest/tests/libraries/joomla/application/JApplicationTest.php:27

70) JApplicationTest::testInitialise
Undefined index:  clientId

/home/estaffor/src/php/Workspace/trunk/libraries/joomla/application/application.php:83
/home/estaffor/src/php/Workspace/Unit Testing 1.6/unittest/tests/libraries/joomla/application/JApplicationTest.php:27

71) JApplicationTest::testRoute
Undefined index:  clientId

/home/estaffor/src/php/Workspace/trunk/libraries/joomla/application/application.php:83
/home/estaffor/src/php/Workspace/Unit Testing 1.6/unittest/tests/libraries/joomla/application/JApplicationTest.php:27

72) JApplicationTest::testDispatch
Undefined index:  clientId

/home/estaffor/src/php/Workspace/trunk/libraries/joomla/application/application.php:83
/home/estaffor/src/php/Workspace/Unit Testing 1.6/unittest/tests/libraries/joomla/application/JApplicationTest.php:27

73) JApplicationTest::testRender
Undefined index:  clientId

/home/estaffor/src/php/Workspace/trunk/libraries/joomla/application/application.php:83
/home/estaffor/src/php/Workspace/Unit Testing 1.6/unittest/tests/libraries/joomla/application/JApplicationTest.php:27

74) JApplicationTest::testClose
Undefined index:  clientId

/home/estaffor/src/php/Workspace/trunk/libraries/joomla/application/application.php:83
/home/estaffor/src/php/Workspace/Unit Testing 1.6/unittest/tests/libraries/joomla/application/JApplicationTest.php:27

75) JApplicationTest::testRedirect
Undefined index:  clientId

/home/estaffor/src/php/Workspace/trunk/libraries/joomla/application/application.php:83
/home/estaffor/src/php/Workspace/Unit Testing 1.6/unittest/tests/libraries/joomla/application/JApplicationTest.php:27

76) JApplicationTest::testEnqueueMessage
Undefined index:  clientId

/home/estaffor/src/php/Workspace/trunk/libraries/joomla/application/application.php:83
/home/estaffor/src/php/Workspace/Unit Testing 1.6/unittest/tests/libraries/joomla/application/JApplicationTest.php:27

77) JApplicationTest::testGetMessageQueue
Undefined index:  clientId

/home/estaffor/src/php/Workspace/trunk/libraries/joomla/application/application.php:83
/home/estaffor/src/php/Workspace/Unit Testing 1.6/unittest/tests/libraries/joomla/application/JApplicationTest.php:27

78) JApplicationTest::testGetCfg
Undefined index:  clientId

/home/estaffor/src/php/Workspace/trunk/libraries/joomla/application/application.php:83
/home/estaffor/src/php/Workspace/Unit Testing 1.6/unittest/tests/libraries/joomla/application/JApplicationTest.php:27

79) JApplicationTest::testGetName
Undefined index:  clientId

/home/estaffor/src/php/Workspace/trunk/libraries/joomla/application/application.php:83
/home/estaffor/src/php/Workspace/Unit Testing 1.6/unittest/tests/libraries/joomla/application/JApplicationTest.php:27

80) JApplicationTest::testGetUserState
Undefined index:  clientId

/home/estaffor/src/php/Workspace/trunk/libraries/joomla/application/application.php:83
/home/estaffor/src/php/Workspace/Unit Testing 1.6/unittest/tests/libraries/joomla/application/JApplicationTest.php:27

81) JApplicationTest::testSetUserState
Undefined index:  clientId

/home/estaffor/src/php/Workspace/trunk/libraries/joomla/application/application.php:83
/home/estaffor/src/php/Workspace/Unit Testing 1.6/unittest/tests/libraries/joomla/application/JApplicationTest.php:27

82) JApplicationTest::testGetUserStateFromRequest
Undefined index:  clientId

/home/estaffor/src/php/Workspace/trunk/libraries/joomla/application/application.php:83
/home/estaffor/src/php/Workspace/Unit Testing 1.6/unittest/tests/libraries/joomla/application/JApplicationTest.php:27

83) JApplicationTest::testRegisterEvent
Undefined index:  clientId

/home/estaffor/src/php/Workspace/trunk/libraries/joomla/application/application.php:83
/home/estaffor/src/php/Workspace/Unit Testing 1.6/unittest/tests/libraries/joomla/application/JApplicationTest.php:27

84) JApplicationTest::testTriggerEvent
Undefined index:  clientId

/home/estaffor/src/php/Workspace/trunk/libraries/joomla/application/application.php:83
/home/estaffor/src/php/Workspace/Unit Testing 1.6/unittest/tests/libraries/joomla/application/JApplicationTest.php:27

85) JApplicationTest::testLogin
Undefined index:  clientId

/home/estaffor/src/php/Workspace/trunk/libraries/joomla/application/application.php:83
/home/estaffor/src/php/Workspace/Unit Testing 1.6/unittest/tests/libraries/joomla/application/JApplicationTest.php:27

86) JApplicationTest::testLogout
Undefined index:  clientId

/home/estaffor/src/php/Workspace/trunk/libraries/joomla/application/application.php:83
/home/estaffor/src/php/Workspace/Unit Testing 1.6/unittest/tests/libraries/joomla/application/JApplicationTest.php:27

87) JApplicationTest::testGetTemplate
Undefined index:  clientId

/home/estaffor/src/php/Workspace/trunk/libraries/joomla/application/application.php:83
/home/estaffor/src/php/Workspace/Unit Testing 1.6/unittest/tests/libraries/joomla/application/JApplicationTest.php:27

88) JApplicationTest::testGetRouter
Undefined index:  clientId

/home/estaffor/src/php/Workspace/trunk/libraries/joomla/application/application.php:83
/home/estaffor/src/php/Workspace/Unit Testing 1.6/unittest/tests/libraries/joomla/application/JApplicationTest.php:27

89) JApplicationTest::testGetPathway
Undefined index:  clientId

/home/estaffor/src/php/Workspace/trunk/libraries/joomla/application/application.php:83
/home/estaffor/src/php/Workspace/Unit Testing 1.6/unittest/tests/libraries/joomla/application/JApplicationTest.php:27

90) JApplicationTest::testGetMenu
Undefined index:  clientId

/home/estaffor/src/php/Workspace/trunk/libraries/joomla/application/application.php:83
/home/estaffor/src/php/Workspace/Unit Testing 1.6/unittest/tests/libraries/joomla/application/JApplicationTest.php:27

91) JApplicationTest::testGetClientId
Undefined index:  clientId

/home/estaffor/src/php/Workspace/trunk/libraries/joomla/application/application.php:83
/home/estaffor/src/php/Workspace/Unit Testing 1.6/unittest/tests/libraries/joomla/application/JApplicationTest.php:27

92) JApplicationTest::testIsAdmin
Undefined index:  clientId

/home/estaffor/src/php/Workspace/trunk/libraries/joomla/application/application.php:83
/home/estaffor/src/php/Workspace/Unit Testing 1.6/unittest/tests/libraries/joomla/application/JApplicationTest.php:27

93) JApplicationTest::testIsSite
Undefined index:  clientId

/home/estaffor/src/php/Workspace/trunk/libraries/joomla/application/application.php:83
/home/estaffor/src/php/Workspace/Unit Testing 1.6/unittest/tests/libraries/joomla/application/JApplicationTest.php:27

94) JAdapterTest::testGetDBO
Missing argument 1 for JAdapter::__construct(), called in /home/estaffor/src/php/Workspace/Unit Testing 1.6/unittest/tests/libraries/joomla/base/JAdapterTest.php on line 27 and defined

/home/estaffor/src/php/Workspace/trunk/libraries/joomla/base/adapter.php:59
/home/estaffor/src/php/Workspace/Unit Testing 1.6/unittest/tests/libraries/joomla/base/JAdapterTest.php:27

95) JAdapterTest::testSetAdapter
Missing argument 1 for JAdapter::__construct(), called in /home/estaffor/src/php/Workspace/Unit Testing 1.6/unittest/tests/libraries/joomla/base/JAdapterTest.php on line 27 and defined

/home/estaffor/src/php/Workspace/trunk/libraries/joomla/base/adapter.php:59
/home/estaffor/src/php/Workspace/Unit Testing 1.6/unittest/tests/libraries/joomla/base/JAdapterTest.php:27

96) JAdapterTest::testGetAdapter
Missing argument 1 for JAdapter::__construct(), called in /home/estaffor/src/php/Workspace/Unit Testing 1.6/unittest/tests/libraries/joomla/base/JAdapterTest.php on line 27 and defined

/home/estaffor/src/php/Workspace/trunk/libraries/joomla/base/adapter.php:59
/home/estaffor/src/php/Workspace/Unit Testing 1.6/unittest/tests/libraries/joomla/base/JAdapterTest.php:27

97) JAdapterTest::testLoadAllAdapters
Missing argument 1 for JAdapter::__construct(), called in /home/estaffor/src/php/Workspace/Unit Testing 1.6/unittest/tests/libraries/joomla/base/JAdapterTest.php on line 27 and defined

/home/estaffor/src/php/Workspace/trunk/libraries/joomla/base/adapter.php:59
/home/estaffor/src/php/Workspace/Unit Testing 1.6/unittest/tests/libraries/joomla/base/JAdapterTest.php:27

98) JFormTest::testFilter
session_start(): Cannot send session cookie - headers already sent by (output started at /home/estaffor/src/php/Workspace/trunk/libraries/joomla/access/access.php:1)

/home/estaffor/src/php/Workspace/trunk/libraries/joomla/session/session.php:409
/home/estaffor/src/php/Workspace/trunk/libraries/joomla/session/session.php:106
/home/estaffor/src/php/Workspace/trunk/libraries/joomla/session/session.php:143
/home/estaffor/src/php/Workspace/trunk/libraries/joomla/factory.php:461
/home/estaffor/src/php/Workspace/trunk/libraries/joomla/factory.php:92
/home/estaffor/src/php/Workspace/trunk/libraries/joomla/factory.php:154
/home/estaffor/src/php/Workspace/trunk/libraries/joomla/form/form.php:317
/home/estaffor/src/php/Workspace/Unit Testing 1.6/unittest/tests/libraries/joomla/form/JFormTest.php:134

--


There were 6 failures:

1) JFilterInputTest::testCleanWithDefaultBlackList with data set "tracker9725" ('string', '<img class="one two" />', '<img class="one two" />')
Failed asserting that two strings are equal.
--- Expected
+++ Actual
@@ @@
-<img class="one two" />
+

/home/estaffor/src/php/Workspace/Unit Testing 1.6/unittest/tests/libraries/joomla/filter/JFilterInputTest.php:509

2) JFilterInputTest_CleanNoTags::testClean with data set "tracker9725" ('string', '<h2><img class="one two" /></h2>', '<h2><img class="one two" /></h2>')
Failed asserting that two strings are equal.
--- Expected
+++ Actual
@@ @@
-<h2><img class="one two" /></h2>
+

/home/estaffor/src/php/Workspace/Unit Testing 1.6/unittest/tests/libraries/joomla/filter/JFilterInputcleanNoTags-Test.php:244

3) Warning
No tests found in class "JModelItemTest".


4) Warning
No tests found in class "JFrameworkConfigTest".


5) Warning
No tests found in class "JObserverTest".


6) Warning
No tests found in class "JAdapterInstanceTest".


--


There were 153 incomplete tests:

1) JFactoryTest::testGetApplication
This test has not been implemented yet.

/home/estaffor/src/php/Workspace/Unit Testing 1.6/unittest/tests/libraries/joomla/JFactoryTest.php:43

2) JFactoryTest::testGetConfig
This test has not been implemented yet.

/home/estaffor/src/php/Workspace/Unit Testing 1.6/unittest/tests/libraries/joomla/JFactoryTest.php:54

3) JFactoryTest::testGetSession
This test has not been implemented yet.

/home/estaffor/src/php/Workspace/Unit Testing 1.6/unittest/tests/libraries/joomla/JFactoryTest.php:65

4) JFactoryTest::testGetLanguage
This test has not been implemented yet.

/home/estaffor/src/php/Workspace/Unit Testing 1.6/unittest/tests/libraries/joomla/JFactoryTest.php:76

5) JFactoryTest::testGetDocument
This test has not been implemented yet.

/home/estaffor/src/php/Workspace/Unit Testing 1.6/unittest/tests/libraries/joomla/JFactoryTest.php:87

6) JFactoryTest::testGetUser
This test has not been implemented yet.

/home/estaffor/src/php/Workspace/Unit Testing 1.6/unittest/tests/libraries/joomla/JFactoryTest.php:98

7) JFactoryTest::testGetCache
This test has not been implemented yet.

/home/estaffor/src/php/Workspace/Unit Testing 1.6/unittest/tests/libraries/joomla/JFactoryTest.php:109

8) JFactoryTest::testGetACL
This test has not been implemented yet.

/home/estaffor/src/php/Workspace/Unit Testing 1.6/unittest/tests/libraries/joomla/JFactoryTest.php:120

9) JFactoryTest::testGetDbo
This test has not been implemented yet.

/home/estaffor/src/php/Workspace/Unit Testing 1.6/unittest/tests/libraries/joomla/JFactoryTest.php:131

10) JFactoryTest::testGetMailer
This test has not been implemented yet.

/home/estaffor/src/php/Workspace/Unit Testing 1.6/unittest/tests/libraries/joomla/JFactoryTest.php:142

11) JFactoryTest::testGetFeedParser
This test has not been implemented yet.

/home/estaffor/src/php/Workspace/Unit Testing 1.6/unittest/tests/libraries/joomla/JFactoryTest.php:153

12) JFactoryTest::testGetXMLParser
This test has not been implemented yet.

/home/estaffor/src/php/Workspace/Unit Testing 1.6/unittest/tests/libraries/joomla/JFactoryTest.php:164

13) JFactoryTest::testGetEditor
This test has not been implemented yet.

/home/estaffor/src/php/Workspace/Unit Testing 1.6/unittest/tests/libraries/joomla/JFactoryTest.php:175

14) JFactoryTest::testGetURI
This test has not been implemented yet.

/home/estaffor/src/php/Workspace/Unit Testing 1.6/unittest/tests/libraries/joomla/JFactoryTest.php:186

15) JFactoryTest::testGetDate
This test has not been implemented yet.

/home/estaffor/src/php/Workspace/Unit Testing 1.6/unittest/tests/libraries/joomla/JFactoryTest.php:197

16) JFactoryTest::test_createMailer
This test has not been implemented yet.

/home/estaffor/src/php/Workspace/Unit Testing 1.6/unittest/tests/libraries/joomla/JFactoryTest.php:208

17) JFactoryTest::testGetStream
This test has not been implemented yet.

/home/estaffor/src/php/Workspace/Unit Testing 1.6/unittest/tests/libraries/joomla/JFactoryTest.php:219

18) JAccessTest::testCheck
This test has not been implemented yet.

/home/estaffor/src/php/Workspace/Unit Testing 1.6/unittest/tests/libraries/joomla/access/JAccessTest.php:44

19) JAccessTest::testGetAssetRules
This test has not been implemented yet.

/home/estaffor/src/php/Workspace/Unit Testing 1.6/unittest/tests/libraries/joomla/access/JAccessTest.php:52

20) JAccessTest::testGetGroupsByUser
This test has not been implemented yet.

/home/estaffor/src/php/Workspace/Unit Testing 1.6/unittest/tests/libraries/joomla/access/JAccessTest.php:60

21) JAccessTest::testGetAuthorisedViewLevels
This test has not been implemented yet.

/home/estaffor/src/php/Workspace/Unit Testing 1.6/unittest/tests/libraries/joomla/access/JAccessTest.php:68

22) JAccessTest::testGetActions
This test has not been implemented yet.

/home/estaffor/src/php/Workspace/Unit Testing 1.6/unittest/tests/libraries/joomla/access/JAccessTest.php:76

23) JVersionTest::testGetLongVersion
This test has not been implemented yet.

/home/estaffor/src/php/Workspace/Unit Testing 1.6/unittest/tests/libraries/joomla/JVersionTest.php:42

24) JVersionTest::testGetShortVersion
This test has not been implemented yet.

/home/estaffor/src/php/Workspace/Unit Testing 1.6/unittest/tests/libraries/joomla/JVersionTest.php:53

25) JVersionTest::testGetHelpVersion
This test has not been implemented yet.

/home/estaffor/src/php/Workspace/Unit Testing 1.6/unittest/tests/libraries/joomla/JVersionTest.php:64

26) JVersionTest::testIsCompatible
This test has not been implemented yet.

/home/estaffor/src/php/Workspace/Unit Testing 1.6/unittest/tests/libraries/joomla/JVersionTest.php:75

27) JVersionTest::testGetUserAgent
This test has not been implemented yet.

/home/estaffor/src/php/Workspace/Unit Testing 1.6/unittest/tests/libraries/joomla/JVersionTest.php:86

28) JDateTest::testConstruct

/home/estaffor/src/php/Workspace/Unit Testing 1.6/unittest/tests/libraries/joomla/utilities/JDateTest.php:23

29) JDateTest::testGetSetOffset

/home/estaffor/src/php/Workspace/Unit Testing 1.6/unittest/tests/libraries/joomla/utilities/JDateTest.php:28

30) JDateTest::testToFormat

/home/estaffor/src/php/Workspace/Unit Testing 1.6/unittest/tests/libraries/joomla/utilities/JDateTest.php:33

31) JDateTest::testToISO8601

/home/estaffor/src/php/Workspace/Unit Testing 1.6/unittest/tests/libraries/joomla/utilities/JDateTest.php:38

32) JDateTest::testToMySQL

/home/estaffor/src/php/Workspace/Unit Testing 1.6/unittest/tests/libraries/joomla/utilities/JDateTest.php:43

33) JDateTest::testToRFC822

/home/estaffor/src/php/Workspace/Unit Testing 1.6/unittest/tests/libraries/joomla/utilities/JDateTest.php:48

34) JDateTest::testToUnix

/home/estaffor/src/php/Workspace/Unit Testing 1.6/unittest/tests/libraries/joomla/utilities/JDateTest.php:53

35) JRequestTest_Clean::testRequestCleanWithBanned
This test needs work.

/home/estaffor/src/php/Workspace/Unit Testing 1.6/unittest/tests/libraries/joomla/environment/JRequestCleanTest.php:57

36) JRequestTest_Clean::testRequestCleanWithNumeric
This test needs work.

/home/estaffor/src/php/Workspace/Unit Testing 1.6/unittest/tests/libraries/joomla/environment/JRequestCleanTest.php:76

37) JRequestTest_Clean::testRequestCleanWithNumericString
This test needs work.

/home/estaffor/src/php/Workspace/Unit Testing 1.6/unittest/tests/libraries/joomla/environment/JRequestCleanTest.php:95

38) JRouteTest::test_
This test has not been implemented yet.

/home/estaffor/src/php/Workspace/Unit Testing 1.6/unittest/tests/libraries/joomla/JRouteTest.php:42

39) JRouterTest::testGetInstance
This test has not been implemented yet.

/home/estaffor/src/php/Workspace/Unit Testing 1.6/unittest/tests/libraries/joomla/application/JRouterTest.php:44

40) JRouterTest::testParse
This test has not been implemented yet.

/home/estaffor/src/php/Workspace/Unit Testing 1.6/unittest/tests/libraries/joomla/application/JRouterTest.php:52

41) JRouterTest::testBuild
This test has not been implemented yet.

/home/estaffor/src/php/Workspace/Unit Testing 1.6/unittest/tests/libraries/joomla/application/JRouterTest.php:60

42) JRouterTest::testGetMode
This test has not been implemented yet.

/home/estaffor/src/php/Workspace/Unit Testing 1.6/unittest/tests/libraries/joomla/application/JRouterTest.php:68

43) JRouterTest::testSetMode
This test has not been implemented yet.

/home/estaffor/src/php/Workspace/Unit Testing 1.6/unittest/tests/libraries/joomla/application/JRouterTest.php:76

44) JRouterTest::testSetVar
This test has not been implemented yet.

/home/estaffor/src/php/Workspace/Unit Testing 1.6/unittest/tests/libraries/joomla/application/JRouterTest.php:84

45) JRouterTest::testSetVars
This test has not been implemented yet.

/home/estaffor/src/php/Workspace/Unit Testing 1.6/unittest/tests/libraries/joomla/application/JRouterTest.php:92

46) JRouterTest::testGetVar
This test has not been implemented yet.

/home/estaffor/src/php/Workspace/Unit Testing 1.6/unittest/tests/libraries/joomla/application/JRouterTest.php:100

47) JRouterTest::testGetVars
This test has not been implemented yet.

/home/estaffor/src/php/Workspace/Unit Testing 1.6/unittest/tests/libraries/joomla/application/JRouterTest.php:108

48) JRouterTest::testAttachBuildRule
This test has not been implemented yet.

/home/estaffor/src/php/Workspace/Unit Testing 1.6/unittest/tests/libraries/joomla/application/JRouterTest.php:116

49) JRouterTest::testAttachParseRule
This test has not been implemented yet.

/home/estaffor/src/php/Workspace/Unit Testing 1.6/unittest/tests/libraries/joomla/application/JRouterTest.php:124

50) JRouterTest::test_parseRawRoute
This test has not been implemented yet.

/home/estaffor/src/php/Workspace/Unit Testing 1.6/unittest/tests/libraries/joomla/application/JRouterTest.php:132

51) JRouterTest::test_parseSefRoute
This test has not been implemented yet.

/home/estaffor/src/php/Workspace/Unit Testing 1.6/unittest/tests/libraries/joomla/application/JRouterTest.php:140

52) JRouterTest::test_buildRawRoute
This test has not been implemented yet.

/home/estaffor/src/php/Workspace/Unit Testing 1.6/unittest/tests/libraries/joomla/application/JRouterTest.php:148

53) JRouterTest::test_buildSefRoute
This test has not been implemented yet.

/home/estaffor/src/php/Workspace/Unit Testing 1.6/unittest/tests/libraries/joomla/application/JRouterTest.php:156

54) JRouterTest::test_processParseRules
This test has not been implemented yet.

/home/estaffor/src/php/Workspace/Unit Testing 1.6/unittest/tests/libraries/joomla/application/JRouterTest.php:164

55) JRouterTest::test_processBuildRules
This test has not been implemented yet.

/home/estaffor/src/php/Workspace/Unit Testing 1.6/unittest/tests/libraries/joomla/application/JRouterTest.php:172

56) JRouterTest::test_createURI
This test has not been implemented yet.

/home/estaffor/src/php/Workspace/Unit Testing 1.6/unittest/tests/libraries/joomla/application/JRouterTest.php:180

57) JRouterTest::test_encodeSegments
This test has not been implemented yet.

/home/estaffor/src/php/Workspace/Unit Testing 1.6/unittest/tests/libraries/joomla/application/JRouterTest.php:188

58) JRouterTest::test_decodeSegments
This test has not been implemented yet.

/home/estaffor/src/php/Workspace/Unit Testing 1.6/unittest/tests/libraries/joomla/application/JRouterTest.php:196

59) JMenuTest::testGetInstance
This test has not been implemented yet.

/home/estaffor/src/php/Workspace/Unit Testing 1.6/unittest/tests/libraries/joomla/application/JMenuTest.php:44

60) JMenuTest::testGetItem
This test has not been implemented yet.

/home/estaffor/src/php/Workspace/Unit Testing 1.6/unittest/tests/libraries/joomla/application/JMenuTest.php:52

61) JMenuTest::testSetDefault
This test has not been implemented yet.

/home/estaffor/src/php/Workspace/Unit Testing 1.6/unittest/tests/libraries/joomla/application/JMenuTest.php:60

62) JMenuTest::testGetDefault
This test has not been implemented yet.

/home/estaffor/src/php/Workspace/Unit Testing 1.6/unittest/tests/libraries/joomla/application/JMenuTest.php:68

63) JMenuTest::testSetActive
This test has not been implemented yet.

/home/estaffor/src/php/Workspace/Unit Testing 1.6/unittest/tests/libraries/joomla/application/JMenuTest.php:76

64) JMenuTest::testGetActive
This test has not been implemented yet.

/home/estaffor/src/php/Workspace/Unit Testing 1.6/unittest/tests/libraries/joomla/application/JMenuTest.php:84

65) JMenuTest::testGetItems
This test has not been implemented yet.

/home/estaffor/src/php/Workspace/Unit Testing 1.6/unittest/tests/libraries/joomla/application/JMenuTest.php:92

66) JMenuTest::testGetParams
This test has not been implemented yet.

/home/estaffor/src/php/Workspace/Unit Testing 1.6/unittest/tests/libraries/joomla/application/JMenuTest.php:100

67) JMenuTest::testGetMenu
This test has not been implemented yet.

/home/estaffor/src/php/Workspace/Unit Testing 1.6/unittest/tests/libraries/joomla/application/JMenuTest.php:108

68) JMenuTest::testAuthorise
This test has not been implemented yet.

/home/estaffor/src/php/Workspace/Unit Testing 1.6/unittest/tests/libraries/joomla/application/JMenuTest.php:116

69) JMenuTest::testLoad
This test has not been implemented yet.

/home/estaffor/src/php/Workspace/Unit Testing 1.6/unittest/tests/libraries/joomla/application/JMenuTest.php:124

70) JModelFormTest::testGetForm
This test has not been implemented yet.

/home/estaffor/src/php/Workspace/Unit Testing 1.6/unittest/tests/libraries/joomla/application/component/JModelFormTest.php:48

71) JModelFormTest::testValidate
This test has not been implemented yet.

/home/estaffor/src/php/Workspace/Unit Testing 1.6/unittest/tests/libraries/joomla/application/component/JModelFormTest.php:56

72) JComponentHelperTest::testGetComponent
This test has not been implemented yet.

/home/estaffor/src/php/Workspace/Unit Testing 1.6/unittest/tests/libraries/joomla/application/component/JComponentHelperTest.php:44

73) JComponentHelperTest::testIsEnabled
This test has not been implemented yet.

/home/estaffor/src/php/Workspace/Unit Testing 1.6/unittest/tests/libraries/joomla/application/component/JComponentHelperTest.php:52

74) JComponentHelperTest::testGetParams
This test has not been implemented yet.

/home/estaffor/src/php/Workspace/Unit Testing 1.6/unittest/tests/libraries/joomla/application/component/JComponentHelperTest.php:60

75) JComponentHelperTest::testRenderComponent
This test has not been implemented yet.

/home/estaffor/src/php/Workspace/Unit Testing 1.6/unittest/tests/libraries/joomla/application/component/JComponentHelperTest.php:68

76) JModelListTest::testGetItems
This test has not been implemented yet.

/home/estaffor/src/php/Workspace/Unit Testing 1.6/unittest/tests/libraries/joomla/application/component/JModelListTest.php:48

77) JModelListTest::testGetPagination
This test has not been implemented yet.

/home/estaffor/src/php/Workspace/Unit Testing 1.6/unittest/tests/libraries/joomla/application/component/JModelListTest.php:56

78) JModelListTest::testGetTotal
This test has not been implemented yet.

/home/estaffor/src/php/Workspace/Unit Testing 1.6/unittest/tests/libraries/joomla/application/component/JModelListTest.php:64

79) JModelTest::testGetInstance
This test has not been implemented yet.

/home/estaffor/src/php/Workspace/Unit Testing 1.6/unittest/tests/libraries/joomla/application/component/JModelTest.php:48

80) JModelTest::testSetState
This test has not been implemented yet.

/home/estaffor/src/php/Workspace/Unit Testing 1.6/unittest/tests/libraries/joomla/application/component/JModelTest.php:56

81) JModelTest::testGetState
This test has not been implemented yet.

/home/estaffor/src/php/Workspace/Unit Testing 1.6/unittest/tests/libraries/joomla/application/component/JModelTest.php:64

82) JModelTest::testGetDbo
This test has not been implemented yet.

/home/estaffor/src/php/Workspace/Unit Testing 1.6/unittest/tests/libraries/joomla/application/component/JModelTest.php:72

83) JModelTest::testSetDbo
This test has not been implemented yet.

/home/estaffor/src/php/Workspace/Unit Testing 1.6/unittest/tests/libraries/joomla/application/component/JModelTest.php:80

84) JModelTest::testGetName
This test has not been implemented yet.

/home/estaffor/src/php/Workspace/Unit Testing 1.6/unittest/tests/libraries/joomla/application/component/JModelTest.php:88

85) JModelTest::testGetTable
This test has not been implemented yet.

/home/estaffor/src/php/Workspace/Unit Testing 1.6/unittest/tests/libraries/joomla/application/component/JModelTest.php:96

86) JModelTest::testAddIncludePath
This test has not been implemented yet.

/home/estaffor/src/php/Workspace/Unit Testing 1.6/unittest/tests/libraries/joomla/application/component/JModelTest.php:104

87) JModelTest::testAddTablePath
This test has not been implemented yet.

/home/estaffor/src/php/Workspace/Unit Testing 1.6/unittest/tests/libraries/joomla/application/component/JModelTest.php:112

88) JModuleHelperTest::testGetModule
This test has not been implemented yet.

/home/estaffor/src/php/Workspace/Unit Testing 1.6/unittest/tests/libraries/joomla/application/module/JModuleHelperTest.php:48

89) JModuleHelperTest::testGetModules
This test has not been implemented yet.

/home/estaffor/src/php/Workspace/Unit Testing 1.6/unittest/tests/libraries/joomla/application/module/JModuleHelperTest.php:56

90) JModuleHelperTest::testIsEnabled
This test has not been implemented yet.

/home/estaffor/src/php/Workspace/Unit Testing 1.6/unittest/tests/libraries/joomla/application/module/JModuleHelperTest.php:64

91) JModuleHelperTest::testRenderModule
This test has not been implemented yet.

/home/estaffor/src/php/Workspace/Unit Testing 1.6/unittest/tests/libraries/joomla/application/module/JModuleHelperTest.php:72

92) JModuleHelperTest::testGetLayoutPath
This test has not been implemented yet.

/home/estaffor/src/php/Workspace/Unit Testing 1.6/unittest/tests/libraries/joomla/application/module/JModuleHelperTest.php:80

93) JPathwayTest::testGetInstance
This test has not been implemented yet.

/home/estaffor/src/php/Workspace/Unit Testing 1.6/unittest/tests/libraries/joomla/application/JPathwayTest.php:44

94) JPathwayTest::testGetPathway
This test has not been implemented yet.

/home/estaffor/src/php/Workspace/Unit Testing 1.6/unittest/tests/libraries/joomla/application/JPathwayTest.php:52

95) JPathwayTest::testSetPathway
This test has not been implemented yet.

/home/estaffor/src/php/Workspace/Unit Testing 1.6/unittest/tests/libraries/joomla/application/JPathwayTest.php:60

96) JPathwayTest::testGetPathwayNames
This test has not been implemented yet.

/home/estaffor/src/php/Workspace/Unit Testing 1.6/unittest/tests/libraries/joomla/application/JPathwayTest.php:68

97) JPathwayTest::testAddItem
This test has not been implemented yet.

/home/estaffor/src/php/Workspace/Unit Testing 1.6/unittest/tests/libraries/joomla/application/JPathwayTest.php:76

98) JPathwayTest::testSetItemName
This test has not been implemented yet.

/home/estaffor/src/php/Workspace/Unit Testing 1.6/unittest/tests/libraries/joomla/application/JPathwayTest.php:84

99) JPathwayTest::test_makeItem
This test has not been implemented yet.

/home/estaffor/src/php/Workspace/Unit Testing 1.6/unittest/tests/libraries/joomla/application/JPathwayTest.php:92

100) JApplicationHelperTest::testGetComponentName
This test has not been implemented yet.

/home/estaffor/src/php/Workspace/Unit Testing 1.6/unittest/tests/libraries/joomla/application/JApplicationHelperTest.php:44

101) JApplicationHelperTest::testGetClientInfo
This test has not been implemented yet.

/home/estaffor/src/php/Workspace/Unit Testing 1.6/unittest/tests/libraries/joomla/application/JApplicationHelperTest.php:52

102) JApplicationHelperTest::testGetPath
This test has not been implemented yet.

/home/estaffor/src/php/Workspace/Unit Testing 1.6/unittest/tests/libraries/joomla/application/JApplicationHelperTest.php:60

103) JApplicationHelperTest::testParseXMLInstallFile
This test has not been implemented yet.

/home/estaffor/src/php/Workspace/Unit Testing 1.6/unittest/tests/libraries/joomla/application/JApplicationHelperTest.php:68

104) JApplicationHelperTest::testParseXMLLangMetaFile
This test has not been implemented yet.

/home/estaffor/src/php/Workspace/Unit Testing 1.6/unittest/tests/libraries/joomla/application/JApplicationHelperTest.php:76

105) JCategoryNodeTest::testAddChild
This test has not been implemented yet.

/home/estaffor/src/php/Workspace/Unit Testing 1.6/unittest/tests/libraries/joomla/application/JCategoryNodeTest.php:44

106) JCategoryNodeTest::testGetParent
This test has not been implemented yet.

/home/estaffor/src/php/Workspace/Unit Testing 1.6/unittest/tests/libraries/joomla/application/JCategoryNodeTest.php:52

107) JCategoryNodeTest::testSetParent
This test has not been implemented yet.

/home/estaffor/src/php/Workspace/Unit Testing 1.6/unittest/tests/libraries/joomla/application/JCategoryNodeTest.php:60

108) JCategoryNodeTest::testHasChildren
This test has not been implemented yet.

/home/estaffor/src/php/Workspace/Unit Testing 1.6/unittest/tests/libraries/joomla/application/JCategoryNodeTest.php:68

109) JCategoryNodeTest::testGetChildren
This test has not been implemented yet.

/home/estaffor/src/php/Workspace/Unit Testing 1.6/unittest/tests/libraries/joomla/application/JCategoryNodeTest.php:76

110) JNodeTest::testAddChild
This test has not been implemented yet.

/home/estaffor/src/php/Workspace/Unit Testing 1.6/unittest/tests/libraries/joomla/base/JNodeTest.php:44

111) JNodeTest::testGetParent
This test has not been implemented yet.

/home/estaffor/src/php/Workspace/Unit Testing 1.6/unittest/tests/libraries/joomla/base/JNodeTest.php:52

112) JNodeTest::testSetParent
This test has not been implemented yet.

/home/estaffor/src/php/Workspace/Unit Testing 1.6/unittest/tests/libraries/joomla/base/JNodeTest.php:60

113) JNodeTest::testHasChildren
This test has not been implemented yet.

/home/estaffor/src/php/Workspace/Unit Testing 1.6/unittest/tests/libraries/joomla/base/JNodeTest.php:68

114) JNodeTest::testGetChildren
This test has not been implemented yet.

/home/estaffor/src/php/Workspace/Unit Testing 1.6/unittest/tests/libraries/joomla/base/JNodeTest.php:76

115) JTreeTest::testAddChild
This test has not been implemented yet.

/home/estaffor/src/php/Workspace/Unit Testing 1.6/unittest/tests/libraries/joomla/base/JTreeTest.php:44

116) JTreeTest::testGetParent
This test has not been implemented yet.

/home/estaffor/src/php/Workspace/Unit Testing 1.6/unittest/tests/libraries/joomla/base/JTreeTest.php:52

117) JTreeTest::testReset
This test has not been implemented yet.

/home/estaffor/src/php/Workspace/Unit Testing 1.6/unittest/tests/libraries/joomla/base/JTreeTest.php:60

118) JObjectTest::testGetProperties
This test has not been implemented yet.

/home/estaffor/src/php/Workspace/Unit Testing 1.6/unittest/tests/libraries/joomla/base/JObjectTest.php:71

119) JObjectTest::testGetError
This test has not been implemented yet.

/home/estaffor/src/php/Workspace/Unit Testing 1.6/unittest/tests/libraries/joomla/base/JObjectTest.php:79

120) JObjectTest::testGetErrors
This test has not been implemented yet.

/home/estaffor/src/php/Workspace/Unit Testing 1.6/unittest/tests/libraries/joomla/base/JObjectTest.php:87

121) JObjectTest::testSetError
This test has not been implemented yet.

/home/estaffor/src/php/Workspace/Unit Testing 1.6/unittest/tests/libraries/joomla/base/JObjectTest.php:114

122) JObjectTest::testToString
This test has not been implemented yet.

/home/estaffor/src/php/Workspace/Unit Testing 1.6/unittest/tests/libraries/joomla/base/JObjectTest.php:122

123) JObservableTest::testGetState
This test has not been implemented yet.

/home/estaffor/src/php/Workspace/Unit Testing 1.6/unittest/tests/libraries/joomla/base/JObservableTest.php:44

124) JObservableTest::testNotify
This test has not been implemented yet.

/home/estaffor/src/php/Workspace/Unit Testing 1.6/unittest/tests/libraries/joomla/base/JObservableTest.php:52

125) JObservableTest::testAttach
This test has not been implemented yet.

/home/estaffor/src/php/Workspace/Unit Testing 1.6/unittest/tests/libraries/joomla/base/JObservableTest.php:60

126) JObservableTest::testDetach
This test has not been implemented yet.

/home/estaffor/src/php/Workspace/Unit Testing 1.6/unittest/tests/libraries/joomla/base/JObservableTest.php:68

127) JFormTest::testAddField

/home/estaffor/src/php/Workspace/Unit Testing 1.6/unittest/tests/libraries/joomla/form/JFormTest.php:98

128) JFormTest::testAddFields

/home/estaffor/src/php/Workspace/Unit Testing 1.6/unittest/tests/libraries/joomla/form/JFormTest.php:103

129) JFormTest::testBind

/home/estaffor/src/php/Workspace/Unit Testing 1.6/unittest/tests/libraries/joomla/form/JFormTest.php:108

130) JFormTest::testGetField

/home/estaffor/src/php/Workspace/Unit Testing 1.6/unittest/tests/libraries/joomla/form/JFormTest.php:196

131) JFormTest::testGetFieldAttributes

/home/estaffor/src/php/Workspace/Unit Testing 1.6/unittest/tests/libraries/joomla/form/JFormTest.php:201

132) JFormTest::testGetFields

/home/estaffor/src/php/Workspace/Unit Testing 1.6/unittest/tests/libraries/joomla/form/JFormTest.php:206

133) JFormTest::testGetFieldsets

/home/estaffor/src/php/Workspace/Unit Testing 1.6/unittest/tests/libraries/joomla/form/JFormTest.php:211

134) JFormTest::testGetGroups

/home/estaffor/src/php/Workspace/Unit Testing 1.6/unittest/tests/libraries/joomla/form/JFormTest.php:216

135) JFormTest::testGetInput

/home/estaffor/src/php/Workspace/Unit Testing 1.6/unittest/tests/libraries/joomla/form/JFormTest.php:221

136) JFormTest::testGetLabel

/home/estaffor/src/php/Workspace/Unit Testing 1.6/unittest/tests/libraries/joomla/form/JFormTest.php:226

137) JFormTest::testGetValue

/home/estaffor/src/php/Workspace/Unit Testing 1.6/unittest/tests/libraries/joomla/form/JFormTest.php:246

138) JFormTest::testLoadFieldsXML

/home/estaffor/src/php/Workspace/Unit Testing 1.6/unittest/tests/libraries/joomla/form/JFormTest.php:318

139) JFormTest::testLoadFieldType

/home/estaffor/src/php/Workspace/Unit Testing 1.6/unittest/tests/libraries/joomla/form/JFormTest.php:323

140) JFormTest::testLoadFolder

/home/estaffor/src/php/Workspace/Unit Testing 1.6/unittest/tests/libraries/joomla/form/JFormTest.php:328

141) JFormTest::testRemoveField

/home/estaffor/src/php/Workspace/Unit Testing 1.6/unittest/tests/libraries/joomla/form/JFormTest.php:333

142) JFormTest::testRemoveGroup

/home/estaffor/src/php/Workspace/Unit Testing 1.6/unittest/tests/libraries/joomla/form/JFormTest.php:338

143) JFormTest::testSetField

/home/estaffor/src/php/Workspace/Unit Testing 1.6/unittest/tests/libraries/joomla/form/JFormTest.php:343

144) JFormTest::testSetFieldAttribute

/home/estaffor/src/php/Workspace/Unit Testing 1.6/unittest/tests/libraries/joomla/form/JFormTest.php:348

145) JFormTest::testSetValue

/home/estaffor/src/php/Workspace/Unit Testing 1.6/unittest/tests/libraries/joomla/form/JFormTest.php:387

146) JFormTest::testValidate

/home/estaffor/src/php/Workspace/Unit Testing 1.6/unittest/tests/libraries/joomla/form/JFormTest.php:392

147) JTextTest::test_
This test has not been implemented yet.

/home/estaffor/src/php/Workspace/Unit Testing 1.6/unittest/tests/libraries/joomla/JTextTest.php:42

148) JTextTest::testSprintf
This test has not been implemented yet.

/home/estaffor/src/php/Workspace/Unit Testing 1.6/unittest/tests/libraries/joomla/JTextTest.php:53

149) JTextTest::testPrintf
This test has not been implemented yet.

/home/estaffor/src/php/Workspace/Unit Testing 1.6/unittest/tests/libraries/joomla/JTextTest.php:64

150) JTextTest::testScript
This test has not been implemented yet.

/home/estaffor/src/php/Workspace/Unit Testing 1.6/unittest/tests/libraries/joomla/JTextTest.php:75

151) JMailHelperTest::testCleanSubject
This test for cleanSubject has not been implemented yet.

/home/estaffor/src/php/Workspace/Unit Testing 1.6/unittest/tests/libraries/joomla/mail/JMailHelperTest.php:67

152) JMailHelperTest::testCleanAddress
This test for cleanAddress has not been implemented yet.

/home/estaffor/src/php/Workspace/Unit Testing 1.6/unittest/tests/libraries/joomla/mail/JMailHelperTest.php:79

153) JMailHelperTest::testIsEmailAddress
This test for isEmailAddress has not been implemented yet.

/home/estaffor/src/php/Workspace/Unit Testing 1.6/unittest/tests/libraries/joomla/mail/JMailHelperTest.php:91

--


There was 1 skipped test:

1) JCacheStorageTest_Main::testCacheTimeout with data set #0 ('file')

/home/estaffor/src/php/Workspace/Unit Testing 1.6/unittest/tests/libraries/joomla/cache/storage/JCacheStorageMainTest.php:72

FAILURES!
Tests: 489, Assertions: 301, Failures: 6, Errors: 98, Incomplete: 153, Skipped: 1.
